2024-01-19 23:55:16,821 [INFO] Activator:176 - 


2024-01-19 23:55:16,825 [INFO] Activator:177 - !SESSION log4j initialized
2024-01-19 23:55:33,423 [INFO] LogOutputStream:77 - [STDOUT_REDIRECT] 
2024-01-19 23:55:41,756 [ERROR] ConfigurationRetriever:142 - IOException on connection: Read timed out
2024-01-19 23:55:43,137 [INFO] ApplicationProperties:184 - Using Application install path: D:\IEEE\STM32CubeIDE_1.13.2\STM32CubeIDE\plugins\com.st.stm32cube.common.mx_6.9.2.202309101412
2024-01-19 23:55:43,168 [INFO] DbMcusXml:78 - Set database path to: D:\IEEE\STM32CubeIDE_1.13.2\STM32CubeIDE\plugins\com.st.stm32cube.common.mx_6.9.2.202309101412\\db\/mcu/
2024-01-19 23:55:43,168 [INFO] ApiDb:274 - Set plugin database path to: D:\IEEE\STM32CubeIDE_1.13.2\STM32CubeIDE\plugins\com.st.stm32cube.common.mx_6.9.2.202309101412\\db\/plugins/boardmanager/
2024-01-19 23:55:43,169 [WARN] ApiDb:259 - Overriding images path with different value:  => D:\IEEE\STM32CubeIDE_1.13.2\STM32CubeIDE\plugins\com.st.stm32cube.common.mx_6.9.2.202309101412\\db\/plugins/mcufinder/images/
2024-01-19 23:55:43,197 [INFO] ApiDb:250 - Set database path to: C:\Users\APC\.stmcufinder\plugins\mcufinder//mcu/
2024-01-19 23:55:43,199 [INFO] DbMcusAds:125 - Set database path to: C:\Users\APC\.stmcufinder\plugins\mcufinder//mcu/
2024-01-19 23:55:43,939 [INFO] CrossReferenceDbSqlite:203 - Set database path to: C:\Users\APC\.stmcufinder\plugins\mcufinder//mcu/cs/
2024-01-19 23:55:44,115 [INFO] RulesReader:64 - Compatibility file has been processed (293 Rules)
2024-01-19 23:55:44,301 [INFO] DbMcusXml:78 - Set database path to: D:\IEEE\STM32CubeIDE_1.13.2\STM32CubeIDE\plugins\com.st.stm32cube.common.mx_6.9.2.202309101412\\db\/mcu/
2024-01-19 23:55:44,301 [INFO] ApiDb:274 - Set plugin database path to: D:\IEEE\STM32CubeIDE_1.13.2\STM32CubeIDE\plugins\com.st.stm32cube.common.mx_6.9.2.202309101412\\db\/plugins/boardmanager/
2024-01-19 23:55:44,301 [INFO] ApiDb:261 - Set plugin images path to: D:\IEEE\STM32CubeIDE_1.13.2\STM32CubeIDE\plugins\com.st.stm32cube.common.mx_6.9.2.202309101412\\db\/plugins/mcufinder/images/
2024-01-19 23:55:44,302 [WARN] DbFile:41 - Overriding database path with different value: C:\Users\APC\.stmcufinder\plugins\mcufinder/ => C:\Users\APC\.stmcufinder\plugins\mcufinder
2024-01-19 23:55:44,302 [INFO] ApiDb:250 - Set database path to: C:\Users\APC\.stmcufinder\plugins\mcufinder//mcu/
2024-01-19 23:55:44,303 [WARN] DbFile:41 - Overriding database path with different value: C:\Users\APC\.stmcufinder\plugins\mcufinder/ => C:\Users\APC\.stmcufinder\plugins\mcufinder
2024-01-19 23:55:44,303 [INFO] DbMcusAds:125 - Set database path to: C:\Users\APC\.stmcufinder\plugins\mcufinder//mcu/
2024-01-19 23:55:44,303 [WARN] DbFile:41 - Overriding database path with different value: C:\Users\APC\.stmcufinder\plugins\mcufinder/ => C:\Users\APC\.stmcufinder\plugins\mcufinder
2024-01-19 23:55:44,303 [WARN] DbFile:41 - Overriding database path with different value: C:\Users\APC\.stmcufinder\plugins\mcufinder/ => C:\Users\APC\.stmcufinder\plugins\mcufinder
2024-01-19 23:55:44,939 [INFO] CrossReferenceDbSqlite:203 - Set database path to: C:\Users\APC\.stmcufinder\plugins\mcufinder//mcu/cs/
2024-01-19 23:55:45,077 [INFO] MainPanel:262 - HeapMemory: 268435456
2024-01-19 23:55:45,221 [INFO] DbMcusXml:78 - Set database path to: D:\IEEE\STM32CubeIDE_1.13.2\STM32CubeIDE\plugins\com.st.stm32cube.common.mx_6.9.2.202309101412\\db\/mcu/
2024-01-19 23:55:45,221 [INFO] ApiDb:274 - Set plugin database path to: D:\IEEE\STM32CubeIDE_1.13.2\STM32CubeIDE\plugins\com.st.stm32cube.common.mx_6.9.2.202309101412\\db\/plugins/boardmanager/
2024-01-19 23:55:45,221 [INFO] ApiDb:261 - Set plugin images path to: D:\IEEE\STM32CubeIDE_1.13.2\STM32CubeIDE\plugins\com.st.stm32cube.common.mx_6.9.2.202309101412\\db\/plugins/mcufinder/images/
2024-01-19 23:55:45,223 [WARN] DbFile:41 - Overriding database path with different value: C:\Users\APC\.stmcufinder\plugins\mcufinder/ => C:\Users\APC\.stmcufinder\plugins\mcufinder
2024-01-19 23:55:45,223 [INFO] ApiDb:250 - Set database path to: C:\Users\APC\.stmcufinder\plugins\mcufinder//mcu/
2024-01-19 23:55:45,223 [WARN] DbFile:41 - Overriding database path with different value: C:\Users\APC\.stmcufinder\plugins\mcufinder/ => C:\Users\APC\.stmcufinder\plugins\mcufinder
2024-01-19 23:55:45,223 [INFO] DbMcusAds:125 - Set database path to: C:\Users\APC\.stmcufinder\plugins\mcufinder//mcu/
2024-01-19 23:55:45,223 [WARN] DbFile:41 - Overriding database path with different value: C:\Users\APC\.stmcufinder\plugins\mcufinder/ => C:\Users\APC\.stmcufinder\plugins\mcufinder
2024-01-19 23:55:45,223 [WARN] DbFile:41 - Overriding database path with different value: C:\Users\APC\.stmcufinder\plugins\mcufinder/ => C:\Users\APC\.stmcufinder\plugins\mcufinder
2024-01-19 23:55:45,940 [INFO] CrossReferenceDbSqlite:203 - Set database path to: C:\Users\APC\.stmcufinder\plugins\mcufinder//mcu/cs/
2024-01-19 23:55:45,983 [INFO] ApplicationProperties:184 - Using Application install path: D:\IEEE\STM32CubeIDE_1.13.2\STM32CubeIDE\plugins\com.st.stm32cube.common.mx_6.9.2.202309101412
2024-01-19 23:55:45,986 [INFO] PluginManage:196 - Search for loadable plugins [exclusion list=, ]
2024-01-19 23:55:45,989 [INFO] PluginManage:310 - Check plugin analytics
2024-01-19 23:55:52,700 [INFO] AnalyticsPlugin:253 - Accepted Software Licenses: STM32CubeMX.6.9.2
2024-01-19 23:55:52,700 [INFO] AnalyticsPlugin:255 - Accepted CMSIS Pack Licenses: 
2024-01-19 23:55:52,701 [INFO] AnalyticsPlugin:257 - Accepted Firmware Licenses: 
2024-01-19 23:55:52,712 [INFO] PluginManage:359 - Loaded plugin analytics (category:tool,tabindex:-1)
2024-01-19 23:55:52,714 [INFO] PluginManage:310 - Check plugin cadmodel
2024-01-19 23:55:52,753 [INFO] CADModel:105 - Init CAD model plugin
2024-01-19 23:55:52,754 [INFO] PluginManage:359 - Loaded plugin cadmodel (category:power,tabindex:5)
2024-01-19 23:55:52,754 [INFO] PluginManage:310 - Check plugin clock
2024-01-19 23:55:52,798 [INFO] PluginManage:359 - Loaded plugin clock (category:base,tabindex:2)
2024-01-19 23:55:52,799 [INFO] PluginManage:310 - Check plugin ddr
2024-01-19 23:55:52,805 [INFO] PluginManage:359 - Loaded plugin ddr (category:tool,tabindex:6)
2024-01-19 23:55:52,805 [INFO] PluginManage:310 - Check plugin filemanager
2024-01-19 23:55:53,099 [INFO] PluginManage:359 - Loaded plugin filemanager (category:base,tabindex:10)
2024-01-19 23:55:53,100 [INFO] PluginManage:310 - Check plugin ipmanager
2024-01-19 23:55:53,115 [INFO] PluginManage:359 - Loaded plugin ipmanager (category:base,tabindex:5)
2024-01-19 23:55:53,115 [INFO] PluginManage:310 - Check plugin lpbam
2024-01-19 23:55:53,146 [INFO] PluginManage:359 - Loaded plugin lpbam (category:base,tabindex:0)
2024-01-19 23:55:53,147 [INFO] PluginManage:310 - Check plugin memorymap
2024-01-19 23:55:53,186 [INFO] PluginManage:359 - Loaded plugin memorymap (category:base,tabindex:4)
2024-01-19 23:55:53,186 [INFO] PluginManage:310 - Check plugin pinoutandconfiguration
2024-01-19 23:55:53,211 [INFO] PluginManage:359 - Loaded plugin pinoutandconfiguration (category:base,tabindex:1)
2024-01-19 23:55:53,212 [INFO] PluginManage:310 - Check plugin pinoutconfig
2024-01-19 23:55:53,455 [WARN] SupportedApi:132 - Cannot load RTOS API schema: s4s-elt-must-match.1: The content of 'definitions' must match (annotation?, (simpleType | complexType)?, (unique | key | keyref)*)). A problem was found starting at: attribute.
2024-01-19 23:55:53,764 [INFO] PluginManage:359 - Loaded plugin pinoutconfig (category:base,tabindex:0)
2024-01-19 23:55:53,764 [INFO] PluginManage:310 - Check plugin power
2024-01-19 23:55:53,824 [INFO] PluginManage:359 - Loaded plugin power (category:power,tabindex:4)
2024-01-19 23:55:53,825 [INFO] PluginManage:310 - Check plugin projectmanager
2024-01-19 23:55:53,892 [INFO] PluginManage:359 - Loaded plugin projectmanager (category:projectmanager,tabindex:3)
2024-01-19 23:55:53,892 [INFO] PluginManage:310 - Check plugin thirdparty
2024-01-19 23:55:54,457 [INFO] PluginManage:359 - Loaded plugin thirdparty (category:base,tabindex:-1)
2024-01-19 23:55:54,457 [WARN] IntegrityCheckThread:84 - waiting for thirdparty lock release [integrity check]
2024-01-19 23:55:54,458 [INFO] PluginManage:310 - Check plugin tools
2024-01-19 23:55:54,458 [INFO] IntegrityCheckThread:86 - entering critical section [integrity check]
2024-01-19 23:55:54,458 [INFO] ThirdPartyUpdaterWithRetryManager:70 - Updater plugin not ready yet. [1/15]
2024-01-19 23:55:54,510 [INFO] PluginManage:359 - Loaded plugin tools (category:base,tabindex:7)
2024-01-19 23:55:54,510 [INFO] PluginManage:310 - Check plugin tutovideos
2024-01-19 23:55:54,786 [INFO] PluginManage:359 - Loaded plugin tutovideos (category:base,tabindex:-1)
2024-01-19 23:55:54,787 [INFO] PluginManage:310 - Check plugin updater
2024-01-19 23:55:54,805 [INFO] PluginManage:359 - Loaded plugin updater (category:base,tabindex:12)
2024-01-19 23:55:54,805 [INFO] PluginManage:310 - Check plugin userauth
2024-01-19 23:55:54,817 [INFO] UserAuth:113 - Init User Auth plugin
2024-01-19 23:55:54,817 [INFO] PluginManage:359 - Loaded plugin userauth (category:base,tabindex:14)
2024-01-19 23:55:54,818 [INFO] PluginManage:283 - PluginManage : Loaded plugins [17]
2024-01-19 23:55:55,160 [INFO] PinOutPanel:1499 - setPackage(No Configuration,No Configuration)
2024-01-19 23:55:55,368 [INFO] CADModel:165 - CPN selected for project level
2024-01-19 23:55:55,368 [INFO] CADModel:114 - Register for checkConnection events
2024-01-19 23:55:55,413 [INFO] IPUIPlugin:80 - create IPUIPlugin
2024-01-19 23:55:55,414 [INFO] PluginManager:220 - loadIPPluginJar : add adc
2024-01-19 23:55:55,463 [INFO] IPUIPlugin:80 - create IPUIPlugin
2024-01-19 23:55:55,463 [INFO] PluginManager:220 - loadIPPluginJar : add aes
2024-01-19 23:55:55,521 [INFO] IPUIPlugin:80 - create IPUIPlugin
2024-01-19 23:55:55,521 [INFO] PluginManager:220 - loadIPPluginJar : add can
2024-01-19 23:55:55,553 [INFO] IPUIPlugin:80 - create IPUIPlugin
2024-01-19 23:55:55,553 [INFO] PluginManager:220 - loadIPPluginJar : add comp
2024-01-19 23:55:55,598 [INFO] IPUIPlugin:80 - create IPUIPlugin
2024-01-19 23:55:55,599 [INFO] PluginManager:220 - loadIPPluginJar : add cryp
2024-01-19 23:55:55,638 [INFO] IPUIPlugin:80 - create IPUIPlugin
2024-01-19 23:55:55,638 [INFO] PluginManager:220 - loadIPPluginJar : add dfsdm
2024-01-19 23:55:55,657 [INFO] IPUIPlugin:80 - create IPUIPlugin
2024-01-19 23:55:55,658 [INFO] PluginManager:220 - loadIPPluginJar : add dma
2024-01-19 23:55:55,709 [INFO] IPUIPlugin:80 - create IPUIPlugin
2024-01-19 23:55:55,710 [INFO] PluginManager:220 - loadIPPluginJar : add dma3
2024-01-19 23:55:55,736 [INFO] IPUIPlugin:80 - create IPUIPlugin
2024-01-19 23:55:55,736 [INFO] PluginManager:220 - loadIPPluginJar : add fatfs
2024-01-19 23:55:55,801 [INFO] IPUIPlugin:80 - create IPUIPlugin
2024-01-19 23:55:55,801 [INFO] PluginManager:220 - loadIPPluginJar : add fmc
2024-01-19 23:55:55,823 [INFO] IPUIPlugin:80 - create IPUIPlugin
2024-01-19 23:55:55,823 [INFO] PluginManager:220 - loadIPPluginJar : add freertos
2024-01-19 23:55:55,851 [INFO] IPUIPlugin:80 - create IPUIPlugin
2024-01-19 23:55:55,851 [INFO] PluginManager:220 - loadIPPluginJar : add genericplugin
2024-01-19 23:55:55,978 [INFO] IPUIPlugin:80 - create IPUIPlugin
2024-01-19 23:55:55,980 [INFO] PluginManager:220 - loadIPPluginJar : add gfxmmu
2024-01-19 23:55:56,168 [INFO] IPUIPlugin:80 - create IPUIPlugin
2024-01-19 23:55:56,168 [INFO] PluginManager:220 - loadIPPluginJar : add gic
2024-01-19 23:55:56,187 [INFO] IPUIPlugin:80 - create IPUIPlugin
2024-01-19 23:55:56,188 [INFO] PluginManager:220 - loadIPPluginJar : add gpio
2024-01-19 23:55:56,320 [INFO] IPUIPlugin:80 - create IPUIPlugin
2024-01-19 23:55:56,320 [INFO] PluginManager:220 - loadIPPluginJar : add gtzc
2024-01-19 23:55:56,365 [INFO] IPUIPlugin:80 - create IPUIPlugin
2024-01-19 23:55:56,365 [INFO] PluginManager:220 - loadIPPluginJar : add hash
2024-01-19 23:55:56,449 [INFO] IPUIPlugin:80 - create IPUIPlugin
2024-01-19 23:55:56,449 [INFO] PluginManager:220 - loadIPPluginJar : add i2c
2024-01-19 23:55:56,513 [INFO] IPUIPlugin:80 - create IPUIPlugin
2024-01-19 23:55:56,513 [INFO] PluginManager:220 - loadIPPluginJar : add i2s
2024-01-19 23:55:56,565 [INFO] IPUIPlugin:80 - create IPUIPlugin
2024-01-19 23:55:56,566 [INFO] PluginManager:220 - loadIPPluginJar : add i3c
2024-01-19 23:55:56,717 [INFO] IPUIPlugin:80 - create IPUIPlugin
2024-01-19 23:55:56,717 [INFO] PluginManager:220 - loadIPPluginJar : add ipddr
2024-01-19 23:55:56,846 [INFO] IPUIPlugin:80 - create IPUIPlugin
2024-01-19 23:55:56,846 [INFO] PluginManager:220 - loadIPPluginJar : add linkedlist
2024-01-19 23:55:56,887 [INFO] IPUIPlugin:80 - create IPUIPlugin
2024-01-19 23:55:56,888 [INFO] PluginManager:220 - loadIPPluginJar : add lorawan
2024-01-19 23:55:56,935 [INFO] IPUIPlugin:80 - create IPUIPlugin
2024-01-19 23:55:56,935 [INFO] PluginManager:220 - loadIPPluginJar : add ltdc
2024-01-19 23:55:56,971 [INFO] IPUIPlugin:80 - create IPUIPlugin
2024-01-19 23:55:56,972 [INFO] PluginManager:220 - loadIPPluginJar : add mdma
2024-01-19 23:55:56,989 [INFO] IPUIPlugin:80 - create IPUIPlugin
2024-01-19 23:55:56,989 [INFO] PluginManager:220 - loadIPPluginJar : add nvic
2024-01-19 23:55:57,044 [INFO] IPUIPlugin:80 - create IPUIPlugin
2024-01-19 23:55:57,044 [INFO] PluginManager:220 - loadIPPluginJar : add opamp
2024-01-19 23:55:57,139 [INFO] IPUIPlugin:80 - create IPUIPlugin
2024-01-19 23:55:57,139 [INFO] PluginManager:220 - loadIPPluginJar : add openamp
2024-01-19 23:55:57,194 [INFO] IPUIPlugin:80 - create IPUIPlugin
2024-01-19 23:55:57,194 [INFO] PluginManager:220 - loadIPPluginJar : add pdm2pcm
2024-01-19 23:55:57,214 [INFO] IPUIPlugin:80 - create IPUIPlugin
2024-01-19 23:55:57,217 [INFO] PluginManager:220 - loadIPPluginJar : add plateformsettings
2024-01-19 23:55:57,243 [INFO] IPUIPlugin:80 - create IPUIPlugin
2024-01-19 23:55:57,243 [INFO] PluginManager:220 - loadIPPluginJar : add quadspi
2024-01-19 23:55:57,259 [INFO] IPUIPlugin:80 - create IPUIPlugin
2024-01-19 23:55:57,259 [INFO] PluginManager:220 - loadIPPluginJar : add resmgrutility
2024-01-19 23:55:57,324 [INFO] IPUIPlugin:80 - create IPUIPlugin
2024-01-19 23:55:57,324 [INFO] PluginManager:220 - loadIPPluginJar : add sai
2024-01-19 23:55:57,371 [INFO] IPUIPlugin:80 - create IPUIPlugin
2024-01-19 23:55:57,372 [INFO] PluginManager:220 - loadIPPluginJar : add spi
2024-01-19 23:55:57,451 [INFO] IPUIPlugin:80 - create IPUIPlugin
2024-01-19 23:55:57,451 [INFO] PluginManager:220 - loadIPPluginJar : add stm32_wpan
2024-01-19 23:55:57,461 [INFO] ThirdPartyUpdaterWithRetryManager:70 - Updater plugin not ready yet. [2/15]
2024-01-19 23:55:57,481 [INFO] IPUIPlugin:80 - create IPUIPlugin
2024-01-19 23:55:57,481 [INFO] PluginManager:220 - loadIPPluginJar : add tim
2024-01-19 23:55:57,556 [INFO] IPUIPlugin:80 - create IPUIPlugin
2024-01-19 23:55:57,556 [INFO] PluginManager:220 - loadIPPluginJar : add touchsensing
2024-01-19 23:55:57,586 [INFO] IPUIPlugin:80 - create IPUIPlugin
2024-01-19 23:55:57,586 [INFO] PluginManager:220 - loadIPPluginJar : add tracer_emb
2024-01-19 23:55:57,617 [INFO] IPUIPlugin:80 - create IPUIPlugin
2024-01-19 23:55:57,618 [INFO] PluginManager:220 - loadIPPluginJar : add ts
2024-01-19 23:55:57,644 [INFO] IPUIPlugin:80 - create IPUIPlugin
2024-01-19 23:55:57,644 [INFO] PluginManager:220 - loadIPPluginJar : add tsc
2024-01-19 23:55:57,672 [INFO] IPUIPlugin:80 - create IPUIPlugin
2024-01-19 23:55:57,673 [INFO] PluginManager:220 - loadIPPluginJar : add ucpd
2024-01-19 23:55:57,725 [INFO] IPUIPlugin:80 - create IPUIPlugin
2024-01-19 23:55:57,726 [INFO] PluginManager:220 - loadIPPluginJar : add usart
2024-01-19 23:55:57,784 [INFO] IPUIPlugin:80 - create IPUIPlugin
2024-01-19 23:55:57,784 [INFO] PluginManager:220 - loadIPPluginJar : add usbx
2024-01-19 23:55:57,950 [INFO] CADModel:165 - CPN selected for project level
2024-01-19 23:55:57,950 [INFO] CADModel:114 - Register for checkConnection events
2024-01-19 23:55:57,951 [FATAL] Updater:308 - Updater called before beeing initialized
2024-01-19 23:55:57,951 [ERROR] CADModel:125 - Updater not yet initialized, retry later 
2024-01-19 23:55:58,148 [INFO] CADModel:165 - CPN selected for project level
2024-01-19 23:55:58,148 [INFO] CADModel:114 - Register for checkConnection events
2024-01-19 23:55:58,149 [FATAL] Updater:308 - Updater called before beeing initialized
2024-01-19 23:55:58,149 [ERROR] CADModel:125 - Updater not yet initialized, retry later 
2024-01-19 23:55:58,154 [FATAL] Updater:308 - Updater called before beeing initialized
2024-01-19 23:55:58,351 [FATAL] Updater:308 - Updater called before beeing initialized
2024-01-19 23:55:58,372 [INFO] DbMcusAds:53 - JSON generation date=Wed Nov 29 17:52:27 ICT 2023 (1701255147349)
2024-01-19 23:55:58,372 [FATAL] Updater:308 - Updater called before beeing initialized
2024-01-19 23:55:58,489 [WARN] DetailPanel:346 - Failed to get advertising image, set to default
2024-01-19 23:55:58,631 [FATAL] Updater:308 - Updater called before beeing initialized
2024-01-19 23:55:58,634 [FATAL] Updater:308 - Updater called before beeing initialized
2024-01-19 23:55:58,634 [FATAL] Updater:308 - Updater called before beeing initialized
2024-01-19 23:55:58,634 [WARN] DetailPanel:346 - Failed to get advertising image, set to default
2024-01-19 23:55:58,635 [FATAL] Updater:308 - Updater called before beeing initialized
2024-01-19 23:55:58,743 [ERROR] Updater:1120 - MainUpdater not yet initialized. External WinMGr cannot be set.
2024-01-19 23:55:58,764 [INFO] Updater:1056 - Updater Version found : 6.9.2
2024-01-19 23:55:58,801 [INFO] ApplicationProperties:184 - Using Application install path: D:\IEEE\STM32CubeIDE_1.13.2\STM32CubeIDE\plugins\com.st.stm32cube.common.mx_6.9.2.202309101412
2024-01-19 23:55:59,108 [INFO] MainUpdater:2868 - connection check result : 10
2024-01-19 23:55:59,111 [INFO] MainUpdater:285 - Updater Check For Update Now.
2024-01-19 23:55:59,112 [INFO] MicroXplorer:498 - Change Database Version : DB.6.0.92
2024-01-19 23:55:59,171 [INFO] McuFinderGlobals:63 - Set McuFinder mode to 2 (CubeIDE integrated)
2024-01-19 23:55:59,172 [INFO] UserAuth:179 - activating auth plugin
2024-01-19 23:55:59,180 [INFO] UserAuth:393 - Internet connection configuration mode: 1
2024-01-19 23:55:59,259 [INFO] JxBrowserEngine:151 - Initiate JxBrowser Engine with user profile folder
2024-01-19 23:55:59,602 [INFO] CheckServerUpdateThread:120 - End of CheckServer Thread
2024-01-19 23:56:01,114 [WARN] PackLoader:240 - Cannot read IP mode file for STMicroelectronics.X-CUBE-SMBUS.2.1.0
2024-01-19 23:56:01,155 [WARN] PackLoader:240 - Cannot read IP mode file for STMicroelectronics.X-CUBE-TOUCHGFX.4.23.0
2024-01-19 23:56:01,300 [WARN] PackLoader:240 - Cannot read IP mode file for STMicroelectronics.X-CUBE-AZRTOS-F7.1.1.0
2024-01-19 23:56:01,360 [WARN] PackLoader:240 - Cannot read IP mode file for STMicroelectronics.FP-SNS-MOTENV1.4.3.2
2024-01-19 23:56:01,410 [WARN] PackLoader:240 - Cannot read IP mode file for STMicroelectronics.FP-SNS-FLIGHT1.5.0.2
2024-01-19 23:56:01,468 [WARN] PackLoader:240 - Cannot read IP mode file for STMicroelectronics.X-CUBE-DISPLAY.3.0.0
2024-01-19 23:56:01,566 [WARN] PackLoader:240 - Cannot read IP mode file for STMicroelectronics.X-CUBE-BLE1.7.0.0
2024-01-19 23:56:01,621 [WARN] PackLoader:240 - Cannot read IP mode file for emotas.I-CUBE-CANOPEN.1.3.0
2024-01-19 23:56:01,656 [WARN] PackLoader:240 - Cannot read IP mode file for STMicroelectronics.X-CUBE-TOUCHGFX.4.22.0
2024-01-19 23:56:01,690 [WARN] PackLoader:240 - Cannot read IP mode file for STMicroelectronics.X-CUBE-TOUCHGFX.4.22.1
2024-01-19 23:56:01,726 [WARN] PackLoader:240 - Cannot read IP mode file for STMicroelectronics.FP-SNS-SMARTAG2.1.2.0
2024-01-19 23:56:01,795 [INFO] LogOutputStream:77 - [STDOUT_REDIRECT] 1 : Invalid condition id : UX_CORESTACK_Condition cause : null
2024-01-19 23:56:01,797 [INFO] LogOutputStream:77 - [STDOUT_REDIRECT] 1 : Invalid condition id : UX_CORESTACK_Condition cause : null
2024-01-19 23:56:01,804 [INFO] LogOutputStream:77 - [STDOUT_REDIRECT] 1 : Invalid condition id : UX_CORESTACK_Condition cause : null
2024-01-19 23:56:01,812 [INFO] LogOutputStream:77 - [STDOUT_REDIRECT] 1 : Invalid condition id : UX_CORESTACK_Condition cause : null
2024-01-19 23:56:01,820 [INFO] LogOutputStream:77 - [STDOUT_REDIRECT] 1 : Invalid condition id : UX_CORESTACK_Condition cause : null
2024-01-19 23:56:01,850 [WARN] PackLoader:240 - Cannot read IP mode file for STMicroelectronics.X-CUBE-AZRTOS-WL.2.0.0
2024-01-19 23:56:01,914 [WARN] PackLoader:240 - Cannot read IP mode file for WES.I-CUBE-Cesium.1.3.0
2024-01-19 23:56:01,950 [WARN] PackLoader:240 - Cannot read IP mode file for STMicroelectronics.X-CUBE-BLE2.3.3.0
2024-01-19 23:56:01,992 [WARN] PackLoader:240 - Cannot read IP mode file for STMicroelectronics.X-CUBE-ALGOBUILD.1.3.0
2024-01-19 23:56:02,077 [WARN] PackLoader:240 - Cannot read IP mode file for STMicroelectronics.X-CUBE-AZRTOS-G0.1.1.0
2024-01-19 23:56:02,133 [WARN] PackLoader:240 - Cannot read IP mode file for STMicroelectronics.X-CUBE-NFC4.3.0.0
2024-01-19 23:56:02,194 [WARN] PackLoader:240 - Cannot read IP mode file for STMicroelectronics.X-CUBE-BLEMGR.3.0.0
2024-01-19 23:56:02,227 [WARN] PackLoader:240 - Cannot read IP mode file for STMicroelectronics.FP-ATR-SIGFOX1.3.2.0
2024-01-19 23:56:02,333 [WARN] PackLoader:240 - Cannot read IP mode file for SEGGER.I-CUBE-embOS.1.3.1
2024-01-19 23:56:02,446 [WARN] PackLoader:240 - Cannot read IP mode file for STMicroelectronics.X-CUBE-GNSS1.6.0.0
2024-01-19 23:56:02,529 [WARN] PackLoader:240 - Cannot read IP mode file for STMicroelectronics.X-CUBE-AZRTOS-F4.1.1.0
2024-01-19 23:56:02,611 [WARN] PackLoader:240 - Cannot read IP mode file for STMicroelectronics.X-CUBE-AZRTOS-L5.2.0.0
2024-01-19 23:56:02,779 [WARN] PackLoader:240 - Cannot read IP mode file for STMicroelectronics.X-CUBE-MEMS1.9.6.0
2024-01-19 23:56:03,420 [WARN] PackLoader:240 - Cannot read IP mode file for STMicroelectronics.X-CUBE-EEPRMA1.4.2.0
2024-01-19 23:56:03,460 [WARN] PackLoader:240 - Cannot read IP mode file for ITTIA_DB.I-CUBE-ITTIADB.8.8.0
2024-01-19 23:56:03,520 [WARN] PackLoader:240 - Cannot read IP mode file for STMicroelectronics.X-CUBE-BLEMGR.2.0.0
2024-01-19 23:56:03,626 [WARN] ConditionMgr:438 - getConditionDescription Invalid condition id : UX DEVICE CLASS RTOS Condition cause : null
2024-01-19 23:56:03,627 [WARN] ConditionMgr:438 - getConditionDescription Invalid condition id : UX DEVICE CLASS RTOS Condition cause : null
2024-01-19 23:56:03,638 [WARN] PackLoader:240 - Cannot read IP mode file for STMicroelectronics.X-CUBE-AZRTOS-H7.3.1.0
2024-01-19 23:56:03,642 [WARN] ConditionMgr:1039 - genDependencies : Invalid condition id : UX DEVICE CLASS RTOS Condition cause : null
2024-01-19 23:56:03,642 [WARN] ConditionMgr:1039 - genDependencies : Invalid condition id : UX DEVICE CLASS RTOS Condition cause : null
2024-01-19 23:56:03,644 [WARN] ConditionMgr:1039 - genDependencies : Invalid condition id : UX DEVICE CLASS RTOS Condition cause : null
2024-01-19 23:56:03,646 [WARN] ConditionMgr:1039 - genDependencies : Invalid condition id : UX DEVICE CLASS RTOS Condition cause : null
2024-01-19 23:56:03,647 [WARN] ConditionMgr:1039 - genDependencies : Invalid condition id : UX DEVICE CLASS RTOS Condition cause : null
2024-01-19 23:56:03,699 [WARN] PackLoader:240 - Cannot read IP mode file for wolfSSL.I-CUBE-wolfSSL.5.5.4
2024-01-19 23:56:03,738 [WARN] PackLoader:240 - Cannot read IP mode file for STMicroelectronics.X-CUBE-NFC7.1.0.1
2024-01-19 23:56:03,801 [WARN] PackLoader:240 - Cannot read IP mode file for STMicroelectronics.X-CUBE-NFC6.3.0.0
2024-01-19 23:56:04,059 [WARN] PackLoader:240 - Cannot read IP mode file for STMicroelectronics.X-CUBE-EEPRMA1.4.1.0
2024-01-19 23:56:04,137 [WARN] PackLoader:240 - Cannot read IP mode file for STMicroelectronics.X-CUBE-AI.8.1.0
2024-01-19 23:56:04,261 [WARN] ConditionMgr:438 - getConditionDescription Invalid condition id : LAN8742 Phy interface Condition cause : null
2024-01-19 23:56:04,263 [WARN] PackLoader:240 - Cannot read IP mode file for STMicroelectronics.X-CUBE-AZRTOS-L4.2.0.0
2024-01-19 23:56:04,268 [WARN] ConditionMgr:1039 - genDependencies : Invalid condition id : LAN8742 Phy interface Condition cause : null
2024-01-19 23:56:04,269 [WARN] ConditionMgr:1039 - genDependencies : Invalid condition id : LAN8742 Phy interface Condition cause : null
2024-01-19 23:56:04,271 [WARN] ConditionMgr:1039 - genDependencies : Invalid condition id : LAN8742 Phy interface Condition cause : null
2024-01-19 23:56:04,346 [WARN] PackLoader:240 - Cannot read IP mode file for STMicroelectronics.X-CUBE-SFXS2LP1.4.0.0
2024-01-19 23:56:04,394 [WARN] PackLoader:240 - Cannot read IP mode file for STMicroelectronics.X-CUBE-ISPU.1.1.0
2024-01-19 23:56:04,477 [WARN] ConditionMgr:438 - getConditionDescription Invalid condition id : UX DEVICE CLASS RTOS Condition cause : null
2024-01-19 23:56:04,478 [WARN] ConditionMgr:438 - getConditionDescription Invalid condition id : UX DEVICE CLASS RTOS Condition cause : null
2024-01-19 23:56:04,486 [WARN] PackLoader:240 - Cannot read IP mode file for STMicroelectronics.X-CUBE-AZRTOS-WB.2.0.0
2024-01-19 23:56:04,488 [WARN] ConditionMgr:1039 - genDependencies : Invalid condition id : UX DEVICE CLASS RTOS Condition cause : null
2024-01-19 23:56:04,489 [WARN] ConditionMgr:1039 - genDependencies : Invalid condition id : UX DEVICE CLASS RTOS Condition cause : null
2024-01-19 23:56:04,491 [WARN] ConditionMgr:1039 - genDependencies : Invalid condition id : UX DEVICE CLASS RTOS Condition cause : null
2024-01-19 23:56:04,493 [WARN] ConditionMgr:1039 - genDependencies : Invalid condition id : UX DEVICE CLASS RTOS Condition cause : null
2024-01-19 23:56:04,493 [WARN] ConditionMgr:1039 - genDependencies : Invalid condition id : UX DEVICE CLASS RTOS Condition cause : null
2024-01-19 23:56:04,560 [WARN] PackLoader:240 - Cannot read IP mode file for STMicroelectronics.X-CUBE-SUBG2.5.0.0
2024-01-19 23:56:04,652 [WARN] PackLoader:240 - Cannot read IP mode file for STMicroelectronics.X-CUBE-TOF1.3.3.1
2024-01-19 23:56:04,866 [WARN] PackLoader:240 - Cannot read IP mode file for STMicroelectronics.X-CUBE-AZRTOS-G4.2.0.0
2024-01-19 23:56:04,973 [WARN] PackLoader:240 - Cannot read IP mode file for Infineon.AIROC-Wi-Fi-Bluetooth-STM32.1.5.1
2024-01-19 23:56:05,300 [WARN] PackLoader:240 - Cannot read IP mode file for STMicroelectronics.FP-SNS-MOTENVWB1.1.3.0
2024-01-19 23:56:05,619 [INFO] WebApp:157 - Instantiating new browser for Auth
2024-01-19 23:56:05,954 [WARN] PackLoader:240 - Cannot read IP mode file for STMicroelectronics.FP-SNS-MOTENVWB1.1.3.1
2024-01-19 23:56:06,004 [WARN] PackLoader:240 - Cannot read IP mode file for STMicroelectronics.X-CUBE-ISPU.2.0.0
2024-01-19 23:56:06,285 [WARN] PackLoader:240 - Cannot read IP mode file for STMicroelectronics.X-CUBE-MEMS1.10.0.0
2024-01-19 23:56:06,844 [WARN] PackLoader:240 - Cannot read IP mode file for STMicroelectronics.X-CUBE-FREERTOS.1.1.0
2024-01-19 23:56:06,908 [WARN] PackLoader:240 - Cannot read IP mode file for portGmbH.I-Cube-SoM-uGOAL.1.1.0
2024-01-19 23:56:06,950 [WARN] PackLoader:240 - Cannot read IP mode file for STMicroelectronics.X-CUBE-ALS.1.0.1
2024-01-19 23:56:06,995 [WARN] PackLoader:240 - Cannot read IP mode file for STMicroelectronics.FP-ATR-ASTRA1.2.0.0
2024-01-19 23:56:07,064 [WARN] PackLoader:240 - Cannot read IP mode file for STMicroelectronics.X-CUBE-TOF1.3.4.0
2024-01-19 23:56:07,196 [WARN] PackLoader:240 - Cannot read IP mode file for STMicroelectronics.X-CUBE-AZRTOS-H7.3.2.0
2024-01-19 23:56:07,206 [INFO] ThirdParty:978 - Integrity check success = true
2024-01-19 23:56:07,206 [INFO] IntegrityCheckThread:100 - exiting critical section [integrity check]
2024-01-19 23:56:07,207 [INFO] IntegrityCheckThread:103 - End integrity checks thread
2024-01-19 23:56:09,304 [INFO] WebApp:753 - Register for checkConnection events
2024-01-19 23:56:09,305 [INFO] WebApp:390 - Apply proxy settings
2024-01-19 23:56:09,305 [INFO] WebApp:475 - Chromium requires no authentication
2024-01-19 23:56:09,334 [INFO] WebApp:418 - Direct internet connection detected
2024-01-19 23:56:09,847 [INFO] WebApp:188 - Starting web application
2024-01-19 23:56:09,847 [INFO] WebApp:520 - Web application path used D:\IEEE\STM32CubeIDE_1.13.2\STM32CubeIDE\plugins\com.st.stm32cube.common.mx_6.9.2.202309101412\db\plugins\mcufinder\reactClient1\index.html
2024-01-19 23:56:31,892 [ERROR] LogOutputStream:75 - [STDERR_REDIRECT] SLF4J: Failed to load class "org.slf4j.impl.StaticLoggerBinder".
2024-01-19 23:56:31,893 [ERROR] LogOutputStream:75 - [STDERR_REDIRECT] SLF4J: Defaulting to no-operation (NOP) logger implementation
2024-01-19 23:56:31,895 [ERROR] LogOutputStream:75 - [STDERR_REDIRECT] SLF4J: See http://www.slf4j.org/codes.html#StaticLoggerBinder for further details.
2024-01-19 23:56:40,384 [INFO] LogOutputStream:77 - [STDOUT_REDIRECT] Unexpected error loading extension: org.eclipse.equinox.p2.metadata.repository.compositeRepository
2024-01-19 23:56:40,397 [ERROR] LogOutputStream:75 - [STDERR_REDIRECT] java.lang.IllegalStateException: bundle org.eclipse.equinox.p2.repositoryis not started
2024-01-19 23:56:40,416 [ERROR] LogOutputStream:75 - [STDERR_REDIRECT] 	at org.eclipse.equinox.internal.p2.repository.Activator.getContext(Activator.java:65)
2024-01-19 23:56:40,448 [ERROR] LogOutputStream:75 - [STDERR_REDIRECT] 	at org.eclipse.equinox.internal.p2.repository.helpers.AbstractRepositoryManager.restoreFromSystemProperty(AbstractRepositoryManager.java:1013)
2024-01-19 23:56:40,483 [ERROR] LogOutputStream:75 - [STDERR_REDIRECT] 	at org.eclipse.equinox.internal.p2.repository.helpers.AbstractRepositoryManager.restoreRepositories(AbstractRepositoryManager.java:1033)
2024-01-19 23:56:40,514 [ERROR] LogOutputStream:75 - [STDERR_REDIRECT] 	at org.eclipse.equinox.internal.p2.repository.helpers.AbstractRepositoryManager.sortSuffixes(AbstractRepositoryManager.java:1112)
2024-01-19 23:56:40,530 [ERROR] LogOutputStream:75 - [STDERR_REDIRECT] 	at org.eclipse.equinox.internal.p2.repository.helpers.AbstractRepositoryManager.loadRepository(AbstractRepositoryManager.java:676)
2024-01-19 23:56:40,541 [ERROR] LogOutputStream:75 - [STDERR_REDIRECT] 	at org.eclipse.equinox.internal.p2.metadata.repository.MetadataRepositoryManager.loadRepository(MetadataRepositoryManager.java:110)
2024-01-19 23:56:40,576 [ERROR] LogOutputStream:75 - [STDERR_REDIRECT] 	at org.eclipse.equinox.internal.p2.metadata.repository.MetadataRepositoryManager.loadRepository(MetadataRepositoryManager.java:105)
2024-01-19 23:56:40,589 [ERROR] LogOutputStream:75 - [STDERR_REDIRECT] 	at org.eclipse.equinox.internal.p2.metadata.repository.CompositeMetadataRepository.addChild(CompositeMetadataRepository.java:171)
2024-01-19 23:56:40,611 [ERROR] LogOutputStream:75 - [STDERR_REDIRECT] 	at org.eclipse.equinox.internal.p2.metadata.repository.CompositeMetadataRepository.<init>(CompositeMetadataRepository.java:113)
2024-01-19 23:56:40,627 [ERROR] LogOutputStream:75 - [STDERR_REDIRECT] 	at org.eclipse.equinox.internal.p2.metadata.repository.CompositeMetadataRepositoryFactory.load(CompositeMetadataRepositoryFactory.java:124)
2024-01-19 23:56:40,641 [ERROR] LogOutputStream:75 - [STDERR_REDIRECT] 	at org.eclipse.equinox.internal.p2.metadata.repository.MetadataRepositoryManager.factoryLoad(MetadataRepositoryManager.java:63)
2024-01-19 23:56:40,661 [ERROR] LogOutputStream:75 - [STDERR_REDIRECT] 	at org.eclipse.equinox.internal.p2.repository.helpers.AbstractRepositoryManager.loadRepository(AbstractRepositoryManager.java:787)
2024-01-19 23:56:40,669 [ERROR] LogOutputStream:75 - [STDERR_REDIRECT] 	at org.eclipse.equinox.internal.p2.repository.helpers.AbstractRepositoryManager.loadRepository(AbstractRepositoryManager.java:685)
2024-01-19 23:56:40,679 [ERROR] LogOutputStream:75 - [STDERR_REDIRECT] 	at org.eclipse.equinox.internal.p2.metadata.repository.MetadataRepositoryManager.loadRepository(MetadataRepositoryManager.java:110)
2024-01-19 23:56:40,689 [ERROR] LogOutputStream:75 - [STDERR_REDIRECT] 	at org.eclipse.equinox.internal.p2.metadata.repository.MetadataRepositoryManager.loadRepository(MetadataRepositoryManager.java:105)
2024-01-19 23:56:40,696 [ERROR] LogOutputStream:75 - [STDERR_REDIRECT] 	at org.eclipse.equinox.internal.p2.updatechecker.UpdateChecker.getAvailableRepositories(UpdateChecker.java:152)
2024-01-19 23:56:40,703 [ERROR] LogOutputStream:75 - [STDERR_REDIRECT] 	at org.eclipse.equinox.internal.p2.updatechecker.UpdateChecker.checkForUpdates(UpdateChecker.java:130)
