2024-01-08 13:37:40,698 [INFO] Activator:176 - 


2024-01-08 13:37:40,698 [INFO] Activator:177 - !SESSION log4j initialized
2024-01-08 13:37:55,389 [INFO] LogOutputStream:77 - [STDOUT_REDIRECT] 
2024-01-08 13:37:59,126 [INFO] ApplicationProperties:184 - Using Application install path: D:\IEEE\STM32CubeIDE_1.13.2\STM32CubeIDE\plugins\com.st.stm32cube.common.mx_6.9.2.202309101412
2024-01-08 13:37:59,179 [INFO] DbMcusXml:78 - Set database path to: D:\IEEE\STM32CubeIDE_1.13.2\STM32CubeIDE\plugins\com.st.stm32cube.common.mx_6.9.2.202309101412\\db\/mcu/
2024-01-08 13:37:59,180 [INFO] ApiDb:274 - Set plugin database path to: D:\IEEE\STM32CubeIDE_1.13.2\STM32CubeIDE\plugins\com.st.stm32cube.common.mx_6.9.2.202309101412\\db\/plugins/boardmanager/
2024-01-08 13:37:59,188 [WARN] ApiDb:259 - Overriding images path with different value:  => D:\IEEE\STM32CubeIDE_1.13.2\STM32CubeIDE\plugins\com.st.stm32cube.common.mx_6.9.2.202309101412\\db\/plugins/mcufinder/images/
2024-01-08 13:37:59,210 [INFO] ApiDb:250 - Set database path to: C:\Users\APC\.stmcufinder\plugins\mcufinder//mcu/
2024-01-08 13:37:59,215 [INFO] DbMcusAds:125 - Set database path to: C:\Users\APC\.stmcufinder\plugins\mcufinder//mcu/
2024-01-08 13:37:59,219 [INFO] CrossReferenceDbSqlite:203 - Set database path to: C:\Users\APC\.stmcufinder\plugins\mcufinder//mcu/cs/
2024-01-08 13:37:59,482 [INFO] RulesReader:64 - Compatibility file has been processed (293 Rules)
2024-01-08 13:37:59,669 [INFO] DbMcusXml:78 - Set database path to: D:\IEEE\STM32CubeIDE_1.13.2\STM32CubeIDE\plugins\com.st.stm32cube.common.mx_6.9.2.202309101412\\db\/mcu/
2024-01-08 13:37:59,670 [INFO] ApiDb:274 - Set plugin database path to: D:\IEEE\STM32CubeIDE_1.13.2\STM32CubeIDE\plugins\com.st.stm32cube.common.mx_6.9.2.202309101412\\db\/plugins/boardmanager/
2024-01-08 13:37:59,670 [INFO] ApiDb:261 - Set plugin images path to: D:\IEEE\STM32CubeIDE_1.13.2\STM32CubeIDE\plugins\com.st.stm32cube.common.mx_6.9.2.202309101412\\db\/plugins/mcufinder/images/
2024-01-08 13:37:59,671 [WARN] DbFile:41 - Overriding database path with different value: C:\Users\APC\.stmcufinder\plugins\mcufinder/ => C:\Users\APC\.stmcufinder\plugins\mcufinder
2024-01-08 13:37:59,671 [INFO] ApiDb:250 - Set database path to: C:\Users\APC\.stmcufinder\plugins\mcufinder//mcu/
2024-01-08 13:37:59,671 [WARN] DbFile:41 - Overriding database path with different value: C:\Users\APC\.stmcufinder\plugins\mcufinder/ => C:\Users\APC\.stmcufinder\plugins\mcufinder
2024-01-08 13:37:59,672 [INFO] DbMcusAds:125 - Set database path to: C:\Users\APC\.stmcufinder\plugins\mcufinder//mcu/
2024-01-08 13:37:59,672 [WARN] DbFile:41 - Overriding database path with different value: C:\Users\APC\.stmcufinder\plugins\mcufinder/ => C:\Users\APC\.stmcufinder\plugins\mcufinder
2024-01-08 13:37:59,672 [WARN] DbFile:41 - Overriding database path with different value: C:\Users\APC\.stmcufinder\plugins\mcufinder/ => C:\Users\APC\.stmcufinder\plugins\mcufinder
2024-01-08 13:37:59,673 [INFO] CrossReferenceDbSqlite:203 - Set database path to: C:\Users\APC\.stmcufinder\plugins\mcufinder//mcu/cs/
2024-01-08 13:37:59,864 [INFO] MainPanel:262 - HeapMemory: 268435456
2024-01-08 13:38:00,024 [INFO] DbMcusXml:78 - Set database path to: D:\IEEE\STM32CubeIDE_1.13.2\STM32CubeIDE\plugins\com.st.stm32cube.common.mx_6.9.2.202309101412\\db\/mcu/
2024-01-08 13:38:00,024 [INFO] ApiDb:274 - Set plugin database path to: D:\IEEE\STM32CubeIDE_1.13.2\STM32CubeIDE\plugins\com.st.stm32cube.common.mx_6.9.2.202309101412\\db\/plugins/boardmanager/
2024-01-08 13:38:00,024 [INFO] ApiDb:261 - Set plugin images path to: D:\IEEE\STM32CubeIDE_1.13.2\STM32CubeIDE\plugins\com.st.stm32cube.common.mx_6.9.2.202309101412\\db\/plugins/mcufinder/images/
2024-01-08 13:38:00,025 [WARN] DbFile:41 - Overriding database path with different value: C:\Users\APC\.stmcufinder\plugins\mcufinder/ => C:\Users\APC\.stmcufinder\plugins\mcufinder
2024-01-08 13:38:00,025 [INFO] ApiDb:250 - Set database path to: C:\Users\APC\.stmcufinder\plugins\mcufinder//mcu/
2024-01-08 13:38:00,025 [WARN] DbFile:41 - Overriding database path with different value: C:\Users\APC\.stmcufinder\plugins\mcufinder/ => C:\Users\APC\.stmcufinder\plugins\mcufinder
2024-01-08 13:38:00,025 [INFO] DbMcusAds:125 - Set database path to: C:\Users\APC\.stmcufinder\plugins\mcufinder//mcu/
2024-01-08 13:38:00,026 [WARN] DbFile:41 - Overriding database path with different value: C:\Users\APC\.stmcufinder\plugins\mcufinder/ => C:\Users\APC\.stmcufinder\plugins\mcufinder
2024-01-08 13:38:00,026 [WARN] DbFile:41 - Overriding database path with different value: C:\Users\APC\.stmcufinder\plugins\mcufinder/ => C:\Users\APC\.stmcufinder\plugins\mcufinder
2024-01-08 13:38:00,026 [INFO] CrossReferenceDbSqlite:203 - Set database path to: C:\Users\APC\.stmcufinder\plugins\mcufinder//mcu/cs/
2024-01-08 13:38:00,057 [INFO] ApplicationProperties:184 - Using Application install path: D:\IEEE\STM32CubeIDE_1.13.2\STM32CubeIDE\plugins\com.st.stm32cube.common.mx_6.9.2.202309101412
2024-01-08 13:38:00,059 [INFO] PluginManage:196 - Search for loadable plugins [exclusion list=, ]
2024-01-08 13:38:00,061 [INFO] PluginManage:310 - Check plugin analytics
2024-01-08 13:38:00,481 [INFO] AnalyticsPlugin:253 - Accepted Software Licenses: STM32CubeMX.6.9.2
2024-01-08 13:38:00,481 [INFO] AnalyticsPlugin:255 - Accepted CMSIS Pack Licenses: 
2024-01-08 13:38:00,482 [INFO] AnalyticsPlugin:257 - Accepted Firmware Licenses: 
2024-01-08 13:38:00,488 [INFO] PluginManage:359 - Loaded plugin analytics (category:tool,tabindex:-1)
2024-01-08 13:38:00,490 [INFO] PluginManage:310 - Check plugin cadmodel
2024-01-08 13:38:00,500 [INFO] CADModel:105 - Init CAD model plugin
2024-01-08 13:38:00,500 [INFO] PluginManage:359 - Loaded plugin cadmodel (category:power,tabindex:5)
2024-01-08 13:38:00,501 [INFO] PluginManage:310 - Check plugin clock
2024-01-08 13:38:00,519 [INFO] PluginManage:359 - Loaded plugin clock (category:base,tabindex:2)
2024-01-08 13:38:00,519 [INFO] PluginManage:310 - Check plugin ddr
2024-01-08 13:38:00,524 [INFO] PluginManage:359 - Loaded plugin ddr (category:tool,tabindex:6)
2024-01-08 13:38:00,524 [INFO] PluginManage:310 - Check plugin filemanager
2024-01-08 13:38:00,848 [INFO] PluginManage:359 - Loaded plugin filemanager (category:base,tabindex:10)
2024-01-08 13:38:00,848 [INFO] PluginManage:310 - Check plugin ipmanager
2024-01-08 13:38:00,869 [INFO] PluginManage:359 - Loaded plugin ipmanager (category:base,tabindex:5)
2024-01-08 13:38:00,869 [INFO] PluginManage:310 - Check plugin lpbam
2024-01-08 13:38:00,891 [INFO] PluginManage:359 - Loaded plugin lpbam (category:base,tabindex:0)
2024-01-08 13:38:00,892 [INFO] PluginManage:310 - Check plugin memorymap
2024-01-08 13:38:00,918 [INFO] PluginManage:359 - Loaded plugin memorymap (category:base,tabindex:4)
2024-01-08 13:38:00,919 [INFO] PluginManage:310 - Check plugin pinoutandconfiguration
2024-01-08 13:38:00,937 [INFO] PluginManage:359 - Loaded plugin pinoutandconfiguration (category:base,tabindex:1)
2024-01-08 13:38:00,938 [INFO] PluginManage:310 - Check plugin pinoutconfig
2024-01-08 13:38:01,117 [WARN] SupportedApi:132 - Cannot load RTOS API schema: s4s-elt-must-match.1: The content of 'definitions' must match (annotation?, (simpleType | complexType)?, (unique | key | keyref)*)). A problem was found starting at: attribute.
2024-01-08 13:38:01,487 [INFO] PluginManage:359 - Loaded plugin pinoutconfig (category:base,tabindex:0)
2024-01-08 13:38:01,488 [INFO] PluginManage:310 - Check plugin power
2024-01-08 13:38:01,509 [INFO] PluginManage:359 - Loaded plugin power (category:power,tabindex:4)
2024-01-08 13:38:01,510 [INFO] PluginManage:310 - Check plugin projectmanager
2024-01-08 13:38:01,547 [INFO] PluginManage:359 - Loaded plugin projectmanager (category:projectmanager,tabindex:3)
2024-01-08 13:38:01,548 [INFO] PluginManage:310 - Check plugin thirdparty
2024-01-08 13:38:01,791 [WARN] IntegrityCheckThread:84 - waiting for thirdparty lock release [integrity check]
2024-01-08 13:38:01,791 [INFO] IntegrityCheckThread:86 - entering critical section [integrity check]
2024-01-08 13:38:01,793 [INFO] ThirdPartyUpdaterWithRetryManager:70 - Updater plugin not ready yet. [1/15]
2024-01-08 13:38:01,793 [INFO] PluginManage:359 - Loaded plugin thirdparty (category:base,tabindex:-1)
2024-01-08 13:38:01,794 [INFO] PluginManage:310 - Check plugin tools
2024-01-08 13:38:01,804 [INFO] PluginManage:359 - Loaded plugin tools (category:base,tabindex:7)
2024-01-08 13:38:01,804 [INFO] PluginManage:310 - Check plugin tutovideos
2024-01-08 13:38:02,142 [INFO] PluginManage:359 - Loaded plugin tutovideos (category:base,tabindex:-1)
2024-01-08 13:38:02,142 [INFO] PluginManage:310 - Check plugin updater
2024-01-08 13:38:02,161 [INFO] PluginManage:359 - Loaded plugin updater (category:base,tabindex:12)
2024-01-08 13:38:02,161 [INFO] PluginManage:310 - Check plugin userauth
2024-01-08 13:38:02,169 [INFO] UserAuth:113 - Init User Auth plugin
2024-01-08 13:38:02,170 [INFO] PluginManage:359 - Loaded plugin userauth (category:base,tabindex:14)
2024-01-08 13:38:02,170 [INFO] PluginManage:283 - PluginManage : Loaded plugins [17]
2024-01-08 13:38:02,584 [INFO] PinOutPanel:1499 - setPackage(No Configuration,No Configuration)
2024-01-08 13:38:02,803 [INFO] CADModel:165 - CPN selected for project level
2024-01-08 13:38:02,803 [INFO] CADModel:114 - Register for checkConnection events
2024-01-08 13:38:02,830 [INFO] IPUIPlugin:80 - create IPUIPlugin
2024-01-08 13:38:02,830 [INFO] PluginManager:220 - loadIPPluginJar : add adc
2024-01-08 13:38:02,834 [INFO] IPUIPlugin:80 - create IPUIPlugin
2024-01-08 13:38:02,835 [INFO] PluginManager:220 - loadIPPluginJar : add aes
2024-01-08 13:38:02,840 [INFO] IPUIPlugin:80 - create IPUIPlugin
2024-01-08 13:38:02,841 [INFO] PluginManager:220 - loadIPPluginJar : add can
2024-01-08 13:38:02,844 [INFO] IPUIPlugin:80 - create IPUIPlugin
2024-01-08 13:38:02,844 [INFO] PluginManager:220 - loadIPPluginJar : add comp
2024-01-08 13:38:02,848 [INFO] IPUIPlugin:80 - create IPUIPlugin
2024-01-08 13:38:02,848 [INFO] PluginManager:220 - loadIPPluginJar : add cryp
2024-01-08 13:38:02,853 [INFO] IPUIPlugin:80 - create IPUIPlugin
2024-01-08 13:38:02,853 [INFO] PluginManager:220 - loadIPPluginJar : add dfsdm
2024-01-08 13:38:02,863 [INFO] IPUIPlugin:80 - create IPUIPlugin
2024-01-08 13:38:02,864 [INFO] PluginManager:220 - loadIPPluginJar : add dma
2024-01-08 13:38:02,868 [INFO] IPUIPlugin:80 - create IPUIPlugin
2024-01-08 13:38:02,868 [INFO] PluginManager:220 - loadIPPluginJar : add dma3
2024-01-08 13:38:02,871 [INFO] IPUIPlugin:80 - create IPUIPlugin
2024-01-08 13:38:02,871 [INFO] PluginManager:220 - loadIPPluginJar : add fatfs
2024-01-08 13:38:02,879 [INFO] IPUIPlugin:80 - create IPUIPlugin
2024-01-08 13:38:02,879 [INFO] PluginManager:220 - loadIPPluginJar : add fmc
2024-01-08 13:38:02,887 [INFO] IPUIPlugin:80 - create IPUIPlugin
2024-01-08 13:38:02,888 [INFO] PluginManager:220 - loadIPPluginJar : add freertos
2024-01-08 13:38:02,891 [INFO] IPUIPlugin:80 - create IPUIPlugin
2024-01-08 13:38:02,892 [INFO] PluginManager:220 - loadIPPluginJar : add genericplugin
2024-01-08 13:38:02,896 [INFO] IPUIPlugin:80 - create IPUIPlugin
2024-01-08 13:38:02,896 [INFO] PluginManager:220 - loadIPPluginJar : add gfxmmu
2024-01-08 13:38:02,903 [INFO] IPUIPlugin:80 - create IPUIPlugin
2024-01-08 13:38:02,904 [INFO] PluginManager:220 - loadIPPluginJar : add gic
2024-01-08 13:38:02,910 [INFO] IPUIPlugin:80 - create IPUIPlugin
2024-01-08 13:38:02,911 [INFO] PluginManager:220 - loadIPPluginJar : add gpio
2024-01-08 13:38:02,915 [INFO] IPUIPlugin:80 - create IPUIPlugin
2024-01-08 13:38:02,915 [INFO] PluginManager:220 - loadIPPluginJar : add gtzc
2024-01-08 13:38:02,919 [INFO] IPUIPlugin:80 - create IPUIPlugin
2024-01-08 13:38:02,920 [INFO] PluginManager:220 - loadIPPluginJar : add hash
2024-01-08 13:38:02,925 [INFO] IPUIPlugin:80 - create IPUIPlugin
2024-01-08 13:38:02,926 [INFO] PluginManager:220 - loadIPPluginJar : add i2c
2024-01-08 13:38:02,930 [INFO] IPUIPlugin:80 - create IPUIPlugin
2024-01-08 13:38:02,930 [INFO] PluginManager:220 - loadIPPluginJar : add i2s
2024-01-08 13:38:02,935 [INFO] IPUIPlugin:80 - create IPUIPlugin
2024-01-08 13:38:02,935 [INFO] PluginManager:220 - loadIPPluginJar : add i3c
2024-01-08 13:38:02,941 [INFO] IPUIPlugin:80 - create IPUIPlugin
2024-01-08 13:38:02,942 [INFO] PluginManager:220 - loadIPPluginJar : add ipddr
2024-01-08 13:38:02,954 [INFO] IPUIPlugin:80 - create IPUIPlugin
2024-01-08 13:38:02,954 [INFO] PluginManager:220 - loadIPPluginJar : add linkedlist
2024-01-08 13:38:02,960 [INFO] IPUIPlugin:80 - create IPUIPlugin
2024-01-08 13:38:02,961 [INFO] PluginManager:220 - loadIPPluginJar : add lorawan
2024-01-08 13:38:02,964 [INFO] IPUIPlugin:80 - create IPUIPlugin
2024-01-08 13:38:02,964 [INFO] PluginManager:220 - loadIPPluginJar : add ltdc
2024-01-08 13:38:02,975 [INFO] IPUIPlugin:80 - create IPUIPlugin
2024-01-08 13:38:02,976 [INFO] PluginManager:220 - loadIPPluginJar : add mdma
2024-01-08 13:38:02,983 [INFO] IPUIPlugin:80 - create IPUIPlugin
2024-01-08 13:38:02,983 [INFO] PluginManager:220 - loadIPPluginJar : add nvic
2024-01-08 13:38:02,990 [INFO] IPUIPlugin:80 - create IPUIPlugin
2024-01-08 13:38:02,990 [INFO] PluginManager:220 - loadIPPluginJar : add opamp
2024-01-08 13:38:02,996 [INFO] IPUIPlugin:80 - create IPUIPlugin
2024-01-08 13:38:02,996 [INFO] PluginManager:220 - loadIPPluginJar : add openamp
2024-01-08 13:38:03,002 [INFO] IPUIPlugin:80 - create IPUIPlugin
2024-01-08 13:38:03,003 [INFO] PluginManager:220 - loadIPPluginJar : add pdm2pcm
2024-01-08 13:38:03,014 [INFO] IPUIPlugin:80 - create IPUIPlugin
2024-01-08 13:38:03,022 [INFO] PluginManager:220 - loadIPPluginJar : add plateformsettings
2024-01-08 13:38:03,026 [INFO] IPUIPlugin:80 - create IPUIPlugin
2024-01-08 13:38:03,027 [INFO] PluginManager:220 - loadIPPluginJar : add quadspi
2024-01-08 13:38:03,034 [INFO] IPUIPlugin:80 - create IPUIPlugin
2024-01-08 13:38:03,034 [INFO] PluginManager:220 - loadIPPluginJar : add resmgrutility
2024-01-08 13:38:03,040 [INFO] IPUIPlugin:80 - create IPUIPlugin
2024-01-08 13:38:03,041 [INFO] PluginManager:220 - loadIPPluginJar : add sai
2024-01-08 13:38:03,046 [INFO] IPUIPlugin:80 - create IPUIPlugin
2024-01-08 13:38:03,047 [INFO] PluginManager:220 - loadIPPluginJar : add spi
2024-01-08 13:38:03,058 [INFO] IPUIPlugin:80 - create IPUIPlugin
2024-01-08 13:38:03,058 [INFO] PluginManager:220 - loadIPPluginJar : add stm32_wpan
2024-01-08 13:38:03,063 [INFO] IPUIPlugin:80 - create IPUIPlugin
2024-01-08 13:38:03,064 [INFO] PluginManager:220 - loadIPPluginJar : add tim
2024-01-08 13:38:03,071 [INFO] IPUIPlugin:80 - create IPUIPlugin
2024-01-08 13:38:03,072 [INFO] PluginManager:220 - loadIPPluginJar : add touchsensing
2024-01-08 13:38:03,077 [INFO] IPUIPlugin:80 - create IPUIPlugin
2024-01-08 13:38:03,077 [INFO] PluginManager:220 - loadIPPluginJar : add tracer_emb
2024-01-08 13:38:03,081 [INFO] IPUIPlugin:80 - create IPUIPlugin
2024-01-08 13:38:03,081 [INFO] PluginManager:220 - loadIPPluginJar : add ts
2024-01-08 13:38:03,084 [INFO] IPUIPlugin:80 - create IPUIPlugin
2024-01-08 13:38:03,084 [INFO] PluginManager:220 - loadIPPluginJar : add tsc
2024-01-08 13:38:03,088 [INFO] IPUIPlugin:80 - create IPUIPlugin
2024-01-08 13:38:03,088 [INFO] PluginManager:220 - loadIPPluginJar : add ucpd
2024-01-08 13:38:03,094 [INFO] IPUIPlugin:80 - create IPUIPlugin
2024-01-08 13:38:03,094 [INFO] PluginManager:220 - loadIPPluginJar : add usart
2024-01-08 13:38:03,099 [INFO] IPUIPlugin:80 - create IPUIPlugin
2024-01-08 13:38:03,100 [INFO] PluginManager:220 - loadIPPluginJar : add usbx
2024-01-08 13:38:03,289 [INFO] CADModel:165 - CPN selected for project level
2024-01-08 13:38:03,289 [INFO] CADModel:114 - Register for checkConnection events
2024-01-08 13:38:03,290 [FATAL] Updater:308 - Updater called before beeing initialized
2024-01-08 13:38:03,290 [ERROR] CADModel:125 - Updater not yet initialized, retry later 
2024-01-08 13:38:03,518 [INFO] CADModel:165 - CPN selected for project level
2024-01-08 13:38:03,518 [INFO] CADModel:114 - Register for checkConnection events
2024-01-08 13:38:03,518 [FATAL] Updater:308 - Updater called before beeing initialized
2024-01-08 13:38:03,518 [ERROR] CADModel:125 - Updater not yet initialized, retry later 
2024-01-08 13:38:03,526 [FATAL] Updater:308 - Updater called before beeing initialized
2024-01-08 13:38:03,739 [FATAL] Updater:308 - Updater called before beeing initialized
2024-01-08 13:38:03,754 [INFO] DbMcusAds:53 - JSON generation date=Wed Nov 29 17:52:27 ICT 2023 (1701255147349)
2024-01-08 13:38:03,755 [FATAL] Updater:308 - Updater called before beeing initialized
2024-01-08 13:38:03,847 [WARN] DetailPanel:346 - Failed to get advertising image, set to default
2024-01-08 13:38:04,053 [FATAL] Updater:308 - Updater called before beeing initialized
2024-01-08 13:38:04,057 [FATAL] Updater:308 - Updater called before beeing initialized
2024-01-08 13:38:04,057 [FATAL] Updater:308 - Updater called before beeing initialized
2024-01-08 13:38:04,057 [WARN] DetailPanel:346 - Failed to get advertising image, set to default
2024-01-08 13:38:04,059 [FATAL] Updater:308 - Updater called before beeing initialized
2024-01-08 13:38:04,178 [ERROR] Updater:1120 - MainUpdater not yet initialized. External WinMGr cannot be set.
2024-01-08 13:38:04,182 [INFO] Updater:1056 - Updater Version found : 6.9.2
2024-01-08 13:38:04,217 [INFO] ApplicationProperties:184 - Using Application install path: D:\IEEE\STM32CubeIDE_1.13.2\STM32CubeIDE\plugins\com.st.stm32cube.common.mx_6.9.2.202309101412
2024-01-08 13:38:04,520 [INFO] MainUpdater:2868 - connection check result : 10
2024-01-08 13:38:04,521 [INFO] MainUpdater:285 - Updater Check For Update Now.
2024-01-08 13:38:04,522 [INFO] MicroXplorer:498 - Change Database Version : DB.6.0.92
2024-01-08 13:38:04,536 [INFO] McuFinderGlobals:63 - Set McuFinder mode to 2 (CubeIDE integrated)
2024-01-08 13:38:04,536 [INFO] UserAuth:179 - activating auth plugin
2024-01-08 13:38:04,541 [INFO] UserAuth:393 - Internet connection configuration mode: 1
2024-01-08 13:38:04,567 [INFO] JxBrowserEngine:151 - Initiate JxBrowser Engine with user profile folder
2024-01-08 13:38:04,795 [WARN] MainUpdater:1189 - Updater busy. Cannot search thirdparties
2024-01-08 13:38:04,796 [INFO] ThirdPartyUpdaterWithRetryManager:96 - Updater plugin is busy. [1/15]
2024-01-08 13:38:04,823 [INFO] CheckServerUpdateThread:120 - End of CheckServer Thread
2024-01-08 13:38:06,209 [INFO] WebApp:157 - Instantiating new browser for Auth
2024-01-08 13:38:08,282 [INFO] WebApp:753 - Register for checkConnection events
2024-01-08 13:38:08,284 [INFO] WebApp:390 - Apply proxy settings
2024-01-08 13:38:08,285 [INFO] WebApp:475 - Chromium requires no authentication
2024-01-08 13:38:08,308 [INFO] WebApp:418 - Direct internet connection detected
2024-01-08 13:38:08,567 [WARN] PackLoader:240 - Cannot read IP mode file for STMicroelectronics.X-CUBE-SMBUS.2.1.0
2024-01-08 13:38:08,607 [WARN] PackLoader:240 - Cannot read IP mode file for STMicroelectronics.X-CUBE-TOUCHGFX.4.23.0
2024-01-08 13:38:08,734 [WARN] PackLoader:240 - Cannot read IP mode file for STMicroelectronics.X-CUBE-AZRTOS-F7.1.1.0
2024-01-08 13:38:08,774 [WARN] PackLoader:240 - Cannot read IP mode file for STMicroelectronics.FP-SNS-MOTENV1.4.3.2
2024-01-08 13:38:08,803 [WARN] PackLoader:240 - Cannot read IP mode file for STMicroelectronics.FP-SNS-FLIGHT1.5.0.2
2024-01-08 13:38:08,841 [WARN] PackLoader:240 - Cannot read IP mode file for STMicroelectronics.X-CUBE-DISPLAY.3.0.0
2024-01-08 13:38:08,903 [WARN] PackLoader:240 - Cannot read IP mode file for STMicroelectronics.X-CUBE-BLE1.7.0.0
2024-01-08 13:38:08,924 [WARN] PackLoader:240 - Cannot read IP mode file for emotas.I-CUBE-CANOPEN.1.3.0
2024-01-08 13:38:08,932 [WARN] PackLoader:240 - Cannot read IP mode file for STMicroelectronics.X-CUBE-TOUCHGFX.4.22.0
2024-01-08 13:38:08,939 [WARN] PackLoader:240 - Cannot read IP mode file for STMicroelectronics.X-CUBE-TOUCHGFX.4.22.1
2024-01-08 13:38:08,952 [WARN] PackLoader:240 - Cannot read IP mode file for STMicroelectronics.FP-SNS-SMARTAG2.1.2.0
2024-01-08 13:38:08,995 [INFO] LogOutputStream:77 - [STDOUT_REDIRECT] 1 : Invalid condition id : UX_CORESTACK_Condition cause : null
2024-01-08 13:38:08,998 [INFO] LogOutputStream:77 - [STDOUT_REDIRECT] 1 : Invalid condition id : UX_CORESTACK_Condition cause : null
2024-01-08 13:38:09,002 [INFO] LogOutputStream:77 - [STDOUT_REDIRECT] 1 : Invalid condition id : UX_CORESTACK_Condition cause : null
2024-01-08 13:38:09,006 [INFO] LogOutputStream:77 - [STDOUT_REDIRECT] 1 : Invalid condition id : UX_CORESTACK_Condition cause : null
2024-01-08 13:38:09,011 [INFO] LogOutputStream:77 - [STDOUT_REDIRECT] 1 : Invalid condition id : UX_CORESTACK_Condition cause : null
2024-01-08 13:38:09,027 [WARN] PackLoader:240 - Cannot read IP mode file for STMicroelectronics.X-CUBE-AZRTOS-WL.2.0.0
2024-01-08 13:38:09,061 [WARN] PackLoader:240 - Cannot read IP mode file for WES.I-CUBE-Cesium.1.3.0
2024-01-08 13:38:09,079 [WARN] PackLoader:240 - Cannot read IP mode file for STMicroelectronics.X-CUBE-BLE2.3.3.0
2024-01-08 13:38:09,115 [WARN] PackLoader:240 - Cannot read IP mode file for STMicroelectronics.X-CUBE-ALGOBUILD.1.3.0
2024-01-08 13:38:09,211 [WARN] PackLoader:240 - Cannot read IP mode file for STMicroelectronics.X-CUBE-AZRTOS-G0.1.1.0
2024-01-08 13:38:09,249 [WARN] PackLoader:240 - Cannot read IP mode file for STMicroelectronics.X-CUBE-NFC4.3.0.0
2024-01-08 13:38:09,328 [WARN] PackLoader:240 - Cannot read IP mode file for STMicroelectronics.X-CUBE-BLEMGR.3.0.0
2024-01-08 13:38:09,355 [WARN] PackLoader:240 - Cannot read IP mode file for STMicroelectronics.FP-ATR-SIGFOX1.3.2.0
2024-01-08 13:38:09,504 [INFO] WebApp:188 - Starting web application
2024-01-08 13:38:09,504 [INFO] WebApp:520 - Web application path used D:\IEEE\STM32CubeIDE_1.13.2\STM32CubeIDE\plugins\com.st.stm32cube.common.mx_6.9.2.202309101412\db\plugins\mcufinder\reactClient1\index.html
2024-01-08 13:38:09,596 [WARN] PackLoader:240 - Cannot read IP mode file for SEGGER.I-CUBE-embOS.1.3.1
2024-01-08 13:38:09,796 [WARN] PackLoader:240 - Cannot read IP mode file for STMicroelectronics.X-CUBE-GNSS1.6.0.0
2024-01-08 13:38:09,872 [WARN] PackLoader:240 - Cannot read IP mode file for STMicroelectronics.X-CUBE-AZRTOS-F4.1.1.0
2024-01-08 13:38:09,951 [WARN] PackLoader:240 - Cannot read IP mode file for STMicroelectronics.X-CUBE-AZRTOS-L5.2.0.0
2024-01-08 13:38:10,149 [WARN] PackLoader:240 - Cannot read IP mode file for STMicroelectronics.X-CUBE-MEMS1.9.6.0
2024-01-08 13:38:10,929 [WARN] PackLoader:240 - Cannot read IP mode file for STMicroelectronics.X-CUBE-EEPRMA1.4.2.0
2024-01-08 13:38:10,960 [WARN] PackLoader:240 - Cannot read IP mode file for ITTIA_DB.I-CUBE-ITTIADB.8.8.0
2024-01-08 13:38:11,000 [WARN] PackLoader:240 - Cannot read IP mode file for STMicroelectronics.X-CUBE-BLEMGR.2.0.0
2024-01-08 13:38:11,096 [WARN] ConditionMgr:438 - getConditionDescription Invalid condition id : UX DEVICE CLASS RTOS Condition cause : null
2024-01-08 13:38:11,097 [WARN] ConditionMgr:438 - getConditionDescription Invalid condition id : UX DEVICE CLASS RTOS Condition cause : null
2024-01-08 13:38:11,122 [WARN] PackLoader:240 - Cannot read IP mode file for STMicroelectronics.X-CUBE-AZRTOS-H7.3.1.0
2024-01-08 13:38:11,129 [WARN] ConditionMgr:1039 - genDependencies : Invalid condition id : UX DEVICE CLASS RTOS Condition cause : null
2024-01-08 13:38:11,130 [WARN] ConditionMgr:1039 - genDependencies : Invalid condition id : UX DEVICE CLASS RTOS Condition cause : null
2024-01-08 13:38:11,134 [WARN] ConditionMgr:1039 - genDependencies : Invalid condition id : UX DEVICE CLASS RTOS Condition cause : null
2024-01-08 13:38:11,137 [WARN] ConditionMgr:1039 - genDependencies : Invalid condition id : UX DEVICE CLASS RTOS Condition cause : null
2024-01-08 13:38:11,137 [WARN] ConditionMgr:1039 - genDependencies : Invalid condition id : UX DEVICE CLASS RTOS Condition cause : null
2024-01-08 13:38:11,166 [WARN] PackLoader:240 - Cannot read IP mode file for wolfSSL.I-CUBE-wolfSSL.5.5.4
2024-01-08 13:38:11,187 [WARN] PackLoader:240 - Cannot read IP mode file for STMicroelectronics.X-CUBE-NFC7.1.0.1
2024-01-08 13:38:11,224 [WARN] PackLoader:240 - Cannot read IP mode file for STMicroelectronics.X-CUBE-NFC6.3.0.0
2024-01-08 13:38:11,251 [WARN] PackLoader:240 - Cannot read IP mode file for STMicroelectronics.X-CUBE-EEPRMA1.4.1.0
2024-01-08 13:38:11,270 [WARN] PackLoader:240 - Cannot read IP mode file for STMicroelectronics.X-CUBE-AI.8.1.0
2024-01-08 13:38:11,334 [WARN] ConditionMgr:438 - getConditionDescription Invalid condition id : LAN8742 Phy interface Condition cause : null
2024-01-08 13:38:11,336 [WARN] PackLoader:240 - Cannot read IP mode file for STMicroelectronics.X-CUBE-AZRTOS-L4.2.0.0
2024-01-08 13:38:11,340 [WARN] ConditionMgr:1039 - genDependencies : Invalid condition id : LAN8742 Phy interface Condition cause : null
2024-01-08 13:38:11,340 [WARN] ConditionMgr:1039 - genDependencies : Invalid condition id : LAN8742 Phy interface Condition cause : null
2024-01-08 13:38:11,342 [WARN] ConditionMgr:1039 - genDependencies : Invalid condition id : LAN8742 Phy interface Condition cause : null
2024-01-08 13:38:11,383 [WARN] PackLoader:240 - Cannot read IP mode file for STMicroelectronics.X-CUBE-SFXS2LP1.4.0.0
2024-01-08 13:38:11,399 [WARN] PackLoader:240 - Cannot read IP mode file for STMicroelectronics.X-CUBE-ISPU.1.1.0
2024-01-08 13:38:11,434 [WARN] ConditionMgr:438 - getConditionDescription Invalid condition id : UX DEVICE CLASS RTOS Condition cause : null
2024-01-08 13:38:11,434 [WARN] ConditionMgr:438 - getConditionDescription Invalid condition id : UX DEVICE CLASS RTOS Condition cause : null
2024-01-08 13:38:11,441 [WARN] PackLoader:240 - Cannot read IP mode file for STMicroelectronics.X-CUBE-AZRTOS-WB.2.0.0
2024-01-08 13:38:11,443 [WARN] ConditionMgr:1039 - genDependencies : Invalid condition id : UX DEVICE CLASS RTOS Condition cause : null
2024-01-08 13:38:11,443 [WARN] ConditionMgr:1039 - genDependencies : Invalid condition id : UX DEVICE CLASS RTOS Condition cause : null
2024-01-08 13:38:11,445 [WARN] ConditionMgr:1039 - genDependencies : Invalid condition id : UX DEVICE CLASS RTOS Condition cause : null
2024-01-08 13:38:11,446 [WARN] ConditionMgr:1039 - genDependencies : Invalid condition id : UX DEVICE CLASS RTOS Condition cause : null
2024-01-08 13:38:11,446 [WARN] ConditionMgr:1039 - genDependencies : Invalid condition id : UX DEVICE CLASS RTOS Condition cause : null
2024-01-08 13:38:11,488 [WARN] PackLoader:240 - Cannot read IP mode file for STMicroelectronics.X-CUBE-SUBG2.5.0.0
2024-01-08 13:38:11,538 [WARN] PackLoader:240 - Cannot read IP mode file for STMicroelectronics.X-CUBE-TOF1.3.3.1
2024-01-08 13:38:11,599 [WARN] PackLoader:240 - Cannot read IP mode file for STMicroelectronics.X-CUBE-AZRTOS-G4.2.0.0
2024-01-08 13:38:11,634 [WARN] PackLoader:240 - Cannot read IP mode file for Infineon.AIROC-Wi-Fi-Bluetooth-STM32.1.5.1
2024-01-08 13:38:11,651 [WARN] PackLoader:240 - Cannot read IP mode file for STMicroelectronics.FP-SNS-MOTENVWB1.1.3.0
2024-01-08 13:38:11,660 [WARN] PackLoader:240 - Cannot read IP mode file for STMicroelectronics.FP-SNS-MOTENVWB1.1.3.1
2024-01-08 13:38:11,670 [WARN] PackLoader:240 - Cannot read IP mode file for STMicroelectronics.X-CUBE-ISPU.2.0.0
2024-01-08 13:38:11,755 [WARN] PackLoader:240 - Cannot read IP mode file for STMicroelectronics.X-CUBE-MEMS1.10.0.0
2024-01-08 13:38:12,083 [WARN] PackLoader:240 - Cannot read IP mode file for STMicroelectronics.X-CUBE-FREERTOS.1.1.0
2024-01-08 13:38:12,098 [WARN] PackLoader:240 - Cannot read IP mode file for portGmbH.I-Cube-SoM-uGOAL.1.1.0
2024-01-08 13:38:12,108 [WARN] PackLoader:240 - Cannot read IP mode file for STMicroelectronics.X-CUBE-ALS.1.0.1
2024-01-08 13:38:12,115 [WARN] PackLoader:240 - Cannot read IP mode file for STMicroelectronics.FP-ATR-ASTRA1.2.0.0
2024-01-08 13:38:12,134 [WARN] PackLoader:240 - Cannot read IP mode file for STMicroelectronics.X-CUBE-TOF1.3.4.0
2024-01-08 13:38:12,187 [WARN] PackLoader:240 - Cannot read IP mode file for STMicroelectronics.X-CUBE-AZRTOS-H7.3.2.0
2024-01-08 13:38:12,193 [INFO] ThirdParty:978 - Integrity check success = true
2024-01-08 13:38:12,193 [INFO] IntegrityCheckThread:100 - exiting critical section [integrity check]
2024-01-08 13:38:12,194 [INFO] IntegrityCheckThread:103 - End integrity checks thread
2024-01-08 13:38:18,988 [INFO] McuFinderGlobals:63 - Set McuFinder mode to 2 (CubeIDE integrated)
2024-01-08 13:38:18,993 [INFO] MainUpdater:2868 - connection check result : 10
2024-01-08 13:38:19,637 [INFO] ApiDb:581 - Connected to CubeFinder SQLite database (C:\Users\APC\.stmcufinder\plugins\mcufinder\mcu\cube-finder-db.db)
2024-01-08 13:38:19,777 [INFO] ApiDb:668 - CubeFinder database Data Model version=2.1
2024-01-08 13:38:19,777 [INFO] ApiDb:669 - CubeFinder database Configuration version=3.0.39
2024-01-08 13:38:19,777 [INFO] ApiDb:670 - CubeFinder database generation date=2023-12-08 (1702028721)
2024-01-08 13:38:19,778 [INFO] ApiDb:671 - CubeFinder database FW Pack versions=[FP-ATR-ASTRA1_V2.0.0, FP-SNS-FLIGHT1_V5.0.1, FP-SNS-FLIGHT1_V5.0.2, FP-SNS-MOTENV1_V4.3.1, FP-SNS-MOTENV1_V4.3.2, FP-SNS-MOTENVWB1_V1.3.1, FP-SNS-SMARTAG2_V1.2.0, STM32Cube_FW_C0_V1.1.0, STM32Cube_FW_F4_V1.28.0, STM32Cube_FW_F7_V1.17.0, STM32Cube_FW_G0_V1.6.1, STM32Cube_FW_G4_V1.5.1, STM32Cube_FW_H5_V0.5.1, STM32Cube_FW_H5_V1.1.1, STM32Cube_FW_H5_V1.2.0RC2, STM32Cube_FW_H7_V1.11.0, STM32Cube_FW_L0_V1.12.2, STM32Cube_FW_L5_V1.5.0, STM32Cube_FW_U5_V1.3.0RC4, STM32Cube_FW_U5_V1.4.0, STM32Cube_FW_WBA_V1.0.0RC1, STM32Cube_FW_WBA_V1.1.0RC1, STM32Cube_FW_WBA_V1.2.0, STM32Cube_FW_WBA_V1.2.0RC2, STM32Cube_FW_WB_V1.15.0RC1, STM32Cube_FW_WB_V1.16.0, STM32Cube_FW_WB_V1.16.0RC2, STM32Cube_FW_WB_V1.18.0, STM32Cube_FW_WL_V1.3.0, X-CUBE-ALGOBUILD_V1.3.0, X-CUBE-ALS_V1.0.1, X-CUBE-AZRTOS-F4_V1.1.0, X-CUBE-AZRTOS-F7_V1.1.0, X-CUBE-AZRTOS-G0_V1.1.0, X-CUBE-AZRTOS-G4_V2.0.0, X-CUBE-AZRTOS-H7_V3.1.0, X-CUBE-AZRTOS-L4_V1.0.0, X-CUBE-AZRTOS-L4_V2.0.0, X-CUBE-AZRTOS-L5_V1.1.0, X-CUBE-AZRTOS-WB_V2.0.0, X-CUBE-AZRTOS-WL_V2.0.0, X-CUBE-BLE1_V7.0.0, X-CUBE-BLE2_V3.3.0, X-CUBE-BLEMGR_V3.0.0, X-CUBE-EEPRMA1_V4.1.0, X-CUBE-EEPRMA1_V4.2.0, X-CUBE-FREERTOS_V1.1.0, X-CUBE-GNSS1_V6.0.0, X-CUBE-MEMS1_V10.0.0, X-CUBE-MEMS1_V9.1.0, X-CUBE-MEMS1_V9.4.0, X-CUBE-MEMS1_V9.6.0, X-CUBE-NFC4_V3.0.0, X-CUBE-NFC7_V1.0.1, X-CUBE-SFXS2LP1_V4.0.0, X-CUBE-SUBG2_V5.0.0, X-CUBE-TOF1_V3.4.0]
2024-01-08 13:38:19,904 [INFO] DbBoardsSqlite:226 - include board P-NUCLEO-WB55-NUCLEO as a kit item of type 'Nucleo-64'
2024-01-08 13:38:19,905 [INFO] DbBoardsSqlite:226 - include board P-NUCLEO-WB55-USBDONGLE as a kit item of type 'Nucleo USB Dongle'
2024-01-08 13:38:19,906 [INFO] DbBoardsSqlite:226 - include board STEVAL-IDP005V1 as a kit item of type 'Evaluation Board'
2024-01-08 13:38:19,906 [INFO] DbBoardsSqlite:226 - include board STEVAL-IDP005V2 as a kit item of type 'Evaluation Board'
2024-01-08 13:38:20,027 [INFO] ApiDb:240 - Found 323 in-development CPN: [B-G473E-ZEST1S, B-WB1M-WPAN1, B-WL5M-SUBG1, NUCLEO-C031C6, NUCLEO-H503RB, NUCLEO-H563ZI, NUCLEO-U545RE-Q, NUCLEO-U5A5ZJ-Q, NUCLEO-WBA52CG, STEVAL-PROTEUS1, STEVAL-SMARTAG2, STEVAL-STWINBX1, STM320518-EVAL, STM32C0116-DK, STM32C011D6Y3TR, STM32C011D6Y6TR, STM32C011F4P3, STM32C011F4P6, STM32C011F4U3, STM32C011F4U6TR, STM32C011F6P3, STM32C011F6P6, STM32C011F6U3, STM32C011F6U6TR, STM32C011J4M3, STM32C011J4M6, STM32C011J6M3, STM32C011J6M6, STM32C0316-DK, STM32C031C4T3, STM32C031C4T6, STM32C031C4U3, STM32C031C4U6, STM32C031C6T3, STM32C031C6T6, STM32C031C6U3, STM32C031C6U6, STM32C031F4P3, STM32C031F4P6, STM32C031F6P3, STM32C031F6P6, STM32C031G4U3, STM32C031G4U6, STM32C031G6U3, STM32C031G6U6, STM32C031K4T3, STM32C031K4T6, STM32C031K4U3, STM32C031K4U6, STM32C031K6T3, STM32C031K6T6, STM32C031K6U3, STM32C031K6U6, STM32G071K8TXN, STM32G071K8UXN, STM32G081GBU6N, STM32G081KBT6N, STM32G081KBUXN, STM32G0B1CCT6N, STM32G0B1KCT6, STM32G0B1NEY6TR, STM32G0B1RCT6N, STM32G0C1CCT6, STM32G0C1CCT6N, STM32G0C1CCU6N, STM32G0C1CET6N, STM32G0C1CEU6N, STM32G0C1KCT6, STM32G0C1NEY6TR, STM32G0C1RCI6N, STM32G0C1RCT6N, STM32G0C1REI6N, STM32G0C1RET6N, STM32G0C1VCI6, STM32G0C1VEI6, STM32G471CCT6, STM32G471CCU6, STM32G471CET3, STM32G471CET6, STM32G471CEU3, STM32G471CEU6, STM32G471MCT6, STM32G471MET3, STM32G471MET6, STM32G471MEY6TR, STM32G471QCT6, STM32G471QET3, STM32G471RCT6, STM32G471RET3, STM32G471RET6, STM32G471VCH6, STM32G471VCI6, STM32G471VCT6, STM32G471VEH3, STM32G471VEH6, STM32G471VEI3, STM32G471VEI6, STM32G471VET3, STM32G471VET6, STM32G474CCT6, STM32H503CBT6, STM32H503CBU6, STM32H503EBY6TR, STM32H503KBU6, STM32H503RBT6, STM32H562AGI6, STM32H562AII6, STM32H562IGK6, STM32H562IGT6, STM32H562IIK6, STM32H562IIT6, STM32H562RGT6, STM32H562RGV6, STM32H562RIT6, STM32H562RIV6, STM32H562VGT6, STM32H562VIT6, STM32H562ZGT6, STM32H562ZIT6, STM32H563AGI6, STM32H563AII3Q, STM32H563AII6, STM32H563IGK6, STM32H563IGT6, STM32H563IIK3Q, STM32H563IIK6, STM32H563IIT3Q, STM32H563IIT6, STM32H563MIY3QTR, STM32H563RGT6, STM32H563RGV6, STM32H563RIT6, STM32H563RIV6, STM32H563VGT6, STM32H563VIT3Q, STM32H563VIT6, STM32H563ZGT6, STM32H563ZIT3Q, STM32H563ZIT6, STM32H573AII3Q, STM32H573AII6, STM32H573I-DK, STM32H573IIK3Q, STM32H573IIK6, STM32H573IIT3Q, STM32H573IIT6, STM32H573MIY3QTR, STM32H573RIT6, STM32H573RIV6, STM32H573VIT3Q, STM32H573VIT6, STM32H573ZIT3Q, STM32H573ZIT6, STM32L4R5QGI6STR, STM32MP131AAE3, STM32MP131AAF3, STM32MP131AAG3, STM32MP131CAE3, STM32MP131CAF3, STM32MP131CAG3, STM32MP131DAE7, STM32MP131DAF7, STM32MP131DAG7, STM32MP131FAE7, STM32MP131FAF7, STM32MP131FAG7, STM32MP133AAE3, STM32MP133AAF3, STM32MP133AAG3, STM32MP133CAE3, STM32MP133CAF3, STM32MP133CAG3, STM32MP133DAE7, STM32MP133DAF7, STM32MP133DAG7, STM32MP133FAE7, STM32MP133FAF7, STM32MP133FAG7, STM32MP135AAE3, STM32MP135AAF3, STM32MP135AAG3, STM32MP135CAE3, STM32MP135CAF3, STM32MP135CAG3, STM32MP135DAE7, STM32MP135DAF7, STM32MP135DAG7, STM32MP135F-DK, STM32MP135FAE7, STM32MP135FAF7, STM32MP135FAF7T, STM32MP135FAF7U, STM32MP135FAG7, STM32U535CBT6, STM32U535CBT6Q, STM32U535CBU6, STM32U535CBU6Q, STM32U535CCT6, STM32U535CCT6Q, STM32U535CCU6, STM32U535CCU6Q, STM32U535CET6, STM32U535CET6Q, STM32U535CEU6, STM32U535CEU6Q, STM32U535JEY6QTR, STM32U535NCY6QTR, STM32U535NEY6QTR, STM32U535RBI6, STM32U535RBI6Q, STM32U535RBT6, STM32U535RBT6Q, STM32U535RCI6, STM32U535RCI6Q, STM32U535RCT6, STM32U535RCT6Q, STM32U535REI6, STM32U535REI6Q, STM32U535RET6, STM32U535RET6Q, STM32U535VCI6, STM32U535VCI6Q, STM32U535VCT6, STM32U535VCT6Q, STM32U535VEI6, STM32U535VEI6Q, STM32U535VET6, STM32U535VET6Q, STM32U545CET6, STM32U545CET6Q, STM32U545CEU6, STM32U545CEU6Q, STM32U545JEY6QTR, STM32U545NEY6QTR, STM32U545REI6, STM32U545REI6Q, STM32U545RET6, STM32U545RET6Q, STM32U545VEI6, STM32U545VEI6Q, STM32U545VET6, STM32U545VET6Q, STM32U595AIH6, STM32U595AIH6Q, STM32U595AJH6, STM32U595AJH6Q, STM32U595QII6, STM32U595QII6Q, STM32U595QJI6, STM32U595QJI6Q, STM32U595RIT6, STM32U595RIT6Q, STM32U595RJT6, STM32U595RJT6Q, STM32U595VIT6, STM32U595VIT6Q, STM32U595VJT6, STM32U595VJT6Q, STM32U595ZIT6, STM32U595ZIT6Q, STM32U595ZIY6QTR, STM32U595ZJT6, STM32U595ZJT6Q, STM32U595ZJY6QTR, STM32U599BJY6QTR, STM32U599NIH6Q, STM32U599NJH6Q, STM32U599VIT6Q, STM32U599VJT6, STM32U599VJT6Q, STM32U599ZIT6Q, STM32U599ZIY6QTR, STM32U599ZJT6Q, STM32U599ZJY6QTR, STM32U5A5AJH6, STM32U5A5AJH6Q, STM32U5A5QJI6, STM32U5A5QJI6Q, STM32U5A5RJT6, STM32U5A5RJT6Q, STM32U5A5VJT6, STM32U5A5VJT6Q, STM32U5A5ZJT6, STM32U5A5ZJT6Q, STM32U5A5ZJY6QTR, STM32U5A9BJY6QTR, STM32U5A9J-DK, STM32U5A9NJH6Q, STM32U5A9VJT6Q, STM32U5A9ZJT6Q, STM32U5A9ZJY6QTR, STM32U5F7VIT6, STM32U5F7VIT6Q, STM32U5F7VJT6, STM32U5F7VJT6Q, STM32U5F9BJY6QTR, STM32U5F9NJH6Q, STM32U5F9VIT6Q, STM32U5F9VJT6Q, STM32U5F9ZIJ6QTR, STM32U5F9ZIT6Q, STM32U5F9ZJJ6QTR, STM32U5F9ZJT6Q, STM32U5G7VJT6, STM32U5G7VJT6Q, STM32U5G9BJY6QTR, STM32U5G9J-DK1, STM32U5G9J-DK2, STM32U5G9NJH6Q, STM32U5G9VJT6Q, STM32U5G9ZJJ6QTR, STM32U5G9ZJT6Q, STM32WB1MMCH6, STM32WBA52CEU6, STM32WBA52CEU6T, STM32WBA52CGU6, STM32WBA52CGU6T, STM32WBA52KEU6, STM32WBA52KEU6T, STM32WBA52KGU6, STM32WBA52KGU6T, STM32WL5MOCH6, STM32WL5MOCH6TR]
2024-01-08 13:38:20,032 [INFO] ApiDb:668 - CubeFinder database Data Model version=2.1
2024-01-08 13:38:20,033 [INFO] ApiDb:669 - CubeFinder database Configuration version=3.0.39
2024-01-08 13:38:20,033 [INFO] ApiDb:670 - CubeFinder database generation date=2023-12-08 (1702028721)
2024-01-08 13:38:20,033 [INFO] ApiDb:671 - CubeFinder database FW Pack versions=[FP-ATR-ASTRA1_V2.0.0, FP-SNS-FLIGHT1_V5.0.1, FP-SNS-FLIGHT1_V5.0.2, FP-SNS-MOTENV1_V4.3.1, FP-SNS-MOTENV1_V4.3.2, FP-SNS-MOTENVWB1_V1.3.1, FP-SNS-SMARTAG2_V1.2.0, STM32Cube_FW_C0_V1.1.0, STM32Cube_FW_F4_V1.28.0, STM32Cube_FW_F7_V1.17.0, STM32Cube_FW_G0_V1.6.1, STM32Cube_FW_G4_V1.5.1, STM32Cube_FW_H5_V0.5.1, STM32Cube_FW_H5_V1.1.1, STM32Cube_FW_H5_V1.2.0RC2, STM32Cube_FW_H7_V1.11.0, STM32Cube_FW_L0_V1.12.2, STM32Cube_FW_L5_V1.5.0, STM32Cube_FW_U5_V1.3.0RC4, STM32Cube_FW_U5_V1.4.0, STM32Cube_FW_WBA_V1.0.0RC1, STM32Cube_FW_WBA_V1.1.0RC1, STM32Cube_FW_WBA_V1.2.0, STM32Cube_FW_WBA_V1.2.0RC2, STM32Cube_FW_WB_V1.15.0RC1, STM32Cube_FW_WB_V1.16.0, STM32Cube_FW_WB_V1.16.0RC2, STM32Cube_FW_WB_V1.18.0, STM32Cube_FW_WL_V1.3.0, X-CUBE-ALGOBUILD_V1.3.0, X-CUBE-ALS_V1.0.1, X-CUBE-AZRTOS-F4_V1.1.0, X-CUBE-AZRTOS-F7_V1.1.0, X-CUBE-AZRTOS-G0_V1.1.0, X-CUBE-AZRTOS-G4_V2.0.0, X-CUBE-AZRTOS-H7_V3.1.0, X-CUBE-AZRTOS-L4_V1.0.0, X-CUBE-AZRTOS-L4_V2.0.0, X-CUBE-AZRTOS-L5_V1.1.0, X-CUBE-AZRTOS-WB_V2.0.0, X-CUBE-AZRTOS-WL_V2.0.0, X-CUBE-BLE1_V7.0.0, X-CUBE-BLE2_V3.3.0, X-CUBE-BLEMGR_V3.0.0, X-CUBE-EEPRMA1_V4.1.0, X-CUBE-EEPRMA1_V4.2.0, X-CUBE-FREERTOS_V1.1.0, X-CUBE-GNSS1_V6.0.0, X-CUBE-MEMS1_V10.0.0, X-CUBE-MEMS1_V9.1.0, X-CUBE-MEMS1_V9.4.0, X-CUBE-MEMS1_V9.6.0, X-CUBE-NFC4_V3.0.0, X-CUBE-NFC7_V1.0.1, X-CUBE-SFXS2LP1_V4.0.0, X-CUBE-SUBG2_V5.0.0, X-CUBE-TOF1_V3.4.0]
2024-01-08 13:38:22,927 [INFO] ApiDb:240 - Found 323 in-development CPN: [B-G473E-ZEST1S, B-WB1M-WPAN1, B-WL5M-SUBG1, NUCLEO-C031C6, NUCLEO-H503RB, NUCLEO-H563ZI, NUCLEO-U545RE-Q, NUCLEO-U5A5ZJ-Q, NUCLEO-WBA52CG, STEVAL-PROTEUS1, STEVAL-SMARTAG2, STEVAL-STWINBX1, STM320518-EVAL, STM32C0116-DK, STM32C011D6Y3TR, STM32C011D6Y6TR, STM32C011F4P3, STM32C011F4P6, STM32C011F4U3, STM32C011F4U6TR, STM32C011F6P3, STM32C011F6P6, STM32C011F6U3, STM32C011F6U6TR, STM32C011J4M3, STM32C011J4M6, STM32C011J6M3, STM32C011J6M6, STM32C0316-DK, STM32C031C4T3, STM32C031C4T6, STM32C031C4U3, STM32C031C4U6, STM32C031C6T3, STM32C031C6T6, STM32C031C6U3, STM32C031C6U6, STM32C031F4P3, STM32C031F4P6, STM32C031F6P3, STM32C031F6P6, STM32C031G4U3, STM32C031G4U6, STM32C031G6U3, STM32C031G6U6, STM32C031K4T3, STM32C031K4T6, STM32C031K4U3, STM32C031K4U6, STM32C031K6T3, STM32C031K6T6, STM32C031K6U3, STM32C031K6U6, STM32G071K8TXN, STM32G071K8UXN, STM32G081GBU6N, STM32G081KBT6N, STM32G081KBUXN, STM32G0B1CCT6N, STM32G0B1KCT6, STM32G0B1NEY6TR, STM32G0B1RCT6N, STM32G0C1CCT6, STM32G0C1CCT6N, STM32G0C1CCU6N, STM32G0C1CET6N, STM32G0C1CEU6N, STM32G0C1KCT6, STM32G0C1NEY6TR, STM32G0C1RCI6N, STM32G0C1RCT6N, STM32G0C1REI6N, STM32G0C1RET6N, STM32G0C1VCI6, STM32G0C1VEI6, STM32G471CCT6, STM32G471CCU6, STM32G471CET3, STM32G471CET6, STM32G471CEU3, STM32G471CEU6, STM32G471MCT6, STM32G471MET3, STM32G471MET6, STM32G471MEY6TR, STM32G471QCT6, STM32G471QET3, STM32G471RCT6, STM32G471RET3, STM32G471RET6, STM32G471VCH6, STM32G471VCI6, STM32G471VCT6, STM32G471VEH3, STM32G471VEH6, STM32G471VEI3, STM32G471VEI6, STM32G471VET3, STM32G471VET6, STM32G474CCT6, STM32H503CBT6, STM32H503CBU6, STM32H503EBY6TR, STM32H503KBU6, STM32H503RBT6, STM32H562AGI6, STM32H562AII6, STM32H562IGK6, STM32H562IGT6, STM32H562IIK6, STM32H562IIT6, STM32H562RGT6, STM32H562RGV6, STM32H562RIT6, STM32H562RIV6, STM32H562VGT6, STM32H562VIT6, STM32H562ZGT6, STM32H562ZIT6, STM32H563AGI6, STM32H563AII3Q, STM32H563AII6, STM32H563IGK6, STM32H563IGT6, STM32H563IIK3Q, STM32H563IIK6, STM32H563IIT3Q, STM32H563IIT6, STM32H563MIY3QTR, STM32H563RGT6, STM32H563RGV6, STM32H563RIT6, STM32H563RIV6, STM32H563VGT6, STM32H563VIT3Q, STM32H563VIT6, STM32H563ZGT6, STM32H563ZIT3Q, STM32H563ZIT6, STM32H573AII3Q, STM32H573AII6, STM32H573I-DK, STM32H573IIK3Q, STM32H573IIK6, STM32H573IIT3Q, STM32H573IIT6, STM32H573MIY3QTR, STM32H573RIT6, STM32H573RIV6, STM32H573VIT3Q, STM32H573VIT6, STM32H573ZIT3Q, STM32H573ZIT6, STM32L4R5QGI6STR, STM32MP131AAE3, STM32MP131AAF3, STM32MP131AAG3, STM32MP131CAE3, STM32MP131CAF3, STM32MP131CAG3, STM32MP131DAE7, STM32MP131DAF7, STM32MP131DAG7, STM32MP131FAE7, STM32MP131FAF7, STM32MP131FAG7, STM32MP133AAE3, STM32MP133AAF3, STM32MP133AAG3, STM32MP133CAE3, STM32MP133CAF3, STM32MP133CAG3, STM32MP133DAE7, STM32MP133DAF7, STM32MP133DAG7, STM32MP133FAE7, STM32MP133FAF7, STM32MP133FAG7, STM32MP135AAE3, STM32MP135AAF3, STM32MP135AAG3, STM32MP135CAE3, STM32MP135CAF3, STM32MP135CAG3, STM32MP135DAE7, STM32MP135DAF7, STM32MP135DAG7, STM32MP135F-DK, STM32MP135FAE7, STM32MP135FAF7, STM32MP135FAF7T, STM32MP135FAF7U, STM32MP135FAG7, STM32U535CBT6, STM32U535CBT6Q, STM32U535CBU6, STM32U535CBU6Q, STM32U535CCT6, STM32U535CCT6Q, STM32U535CCU6, STM32U535CCU6Q, STM32U535CET6, STM32U535CET6Q, STM32U535CEU6, STM32U535CEU6Q, STM32U535JEY6QTR, STM32U535NCY6QTR, STM32U535NEY6QTR, STM32U535RBI6, STM32U535RBI6Q, STM32U535RBT6, STM32U535RBT6Q, STM32U535RCI6, STM32U535RCI6Q, STM32U535RCT6, STM32U535RCT6Q, STM32U535REI6, STM32U535REI6Q, STM32U535RET6, STM32U535RET6Q, STM32U535VCI6, STM32U535VCI6Q, STM32U535VCT6, STM32U535VCT6Q, STM32U535VEI6, STM32U535VEI6Q, STM32U535VET6, STM32U535VET6Q, STM32U545CET6, STM32U545CET6Q, STM32U545CEU6, STM32U545CEU6Q, STM32U545JEY6QTR, STM32U545NEY6QTR, STM32U545REI6, STM32U545REI6Q, STM32U545RET6, STM32U545RET6Q, STM32U545VEI6, STM32U545VEI6Q, STM32U545VET6, STM32U545VET6Q, STM32U595AIH6, STM32U595AIH6Q, STM32U595AJH6, STM32U595AJH6Q, STM32U595QII6, STM32U595QII6Q, STM32U595QJI6, STM32U595QJI6Q, STM32U595RIT6, STM32U595RIT6Q, STM32U595RJT6, STM32U595RJT6Q, STM32U595VIT6, STM32U595VIT6Q, STM32U595VJT6, STM32U595VJT6Q, STM32U595ZIT6, STM32U595ZIT6Q, STM32U595ZIY6QTR, STM32U595ZJT6, STM32U595ZJT6Q, STM32U595ZJY6QTR, STM32U599BJY6QTR, STM32U599NIH6Q, STM32U599NJH6Q, STM32U599VIT6Q, STM32U599VJT6, STM32U599VJT6Q, STM32U599ZIT6Q, STM32U599ZIY6QTR, STM32U599ZJT6Q, STM32U599ZJY6QTR, STM32U5A5AJH6, STM32U5A5AJH6Q, STM32U5A5QJI6, STM32U5A5QJI6Q, STM32U5A5RJT6, STM32U5A5RJT6Q, STM32U5A5VJT6, STM32U5A5VJT6Q, STM32U5A5ZJT6, STM32U5A5ZJT6Q, STM32U5A5ZJY6QTR, STM32U5A9BJY6QTR, STM32U5A9J-DK, STM32U5A9NJH6Q, STM32U5A9VJT6Q, STM32U5A9ZJT6Q, STM32U5A9ZJY6QTR, STM32U5F7VIT6, STM32U5F7VIT6Q, STM32U5F7VJT6, STM32U5F7VJT6Q, STM32U5F9BJY6QTR, STM32U5F9NJH6Q, STM32U5F9VIT6Q, STM32U5F9VJT6Q, STM32U5F9ZIJ6QTR, STM32U5F9ZIT6Q, STM32U5F9ZJJ6QTR, STM32U5F9ZJT6Q, STM32U5G7VJT6, STM32U5G7VJT6Q, STM32U5G9BJY6QTR, STM32U5G9J-DK1, STM32U5G9J-DK2, STM32U5G9NJH6Q, STM32U5G9VJT6Q, STM32U5G9ZJJ6QTR, STM32U5G9ZJT6Q, STM32WB1MMCH6, STM32WBA52CEU6, STM32WBA52CEU6T, STM32WBA52CGU6, STM32WBA52CGU6T, STM32WBA52KEU6, STM32WBA52KEU6T, STM32WBA52KGU6, STM32WBA52KGU6T, STM32WL5MOCH6, STM32WL5MOCH6TR]
2024-01-08 13:38:22,935 [INFO] DbMcus:217 - Found 3882 MCUs, 3882 are supported
2024-01-08 13:38:22,936 [INFO] ApiDb:423 - Load user favorites file C:\Users\APC/.stm32cubeide/favorites.mcus.txt: 2 item(s)
2024-01-08 13:38:22,936 [INFO] ApiDb:427 - User favorites MCUs=[STM32F103C8T6, STM32F103C8T6TR]
2024-01-08 13:38:22,937 [INFO] DbMcus:223 - Set 2 / 2 favorites MCUs
2024-01-08 13:38:23,530 [INFO] BoardInfo:880 - No configuration file found for board P-NUCLEO-WB55
2024-01-08 13:38:23,530 [INFO] DbBoards:157 - Kit is not supported: P-NUCLEO-WB55
2024-01-08 13:38:23,539 [INFO] BoardInfo:880 - No configuration file found for board STEVAL-BFA001V1B
2024-01-08 13:38:23,539 [INFO] DbBoards:157 - Kit is not supported: STEVAL-BFA001V1B
2024-01-08 13:38:23,541 [INFO] BoardInfo:880 - No configuration file found for board STEVAL-BFA001V2B
2024-01-08 13:38:23,541 [INFO] DbBoards:157 - Kit is not supported: STEVAL-BFA001V2B
2024-01-08 13:38:23,548 [INFO] BoardInfo:880 - No configuration file found for board STEVAL-MKBOXPRO
2024-01-08 13:38:23,548 [INFO] DbBoards:157 - Board is not supported: STEVAL-MKBOXPRO
2024-01-08 13:38:23,907 [INFO] DbBoards:161 - Found 191 boards, 187 are supported
2024-01-08 13:38:23,911 [INFO] ApiDb:423 - Load user favorites file C:\Users\APC/.stm32cubeide/favorites.boards.txt: 1 item(s)
2024-01-08 13:38:23,911 [INFO] ApiDb:427 - User favorites Boards=[STM32F407G-DISC1]
2024-01-08 13:38:23,911 [INFO] DbBoards:190 - Set 1 / 1 favorites Boards
2024-01-08 13:38:23,912 [INFO] McuFinderGlobals:76 - Set McuFinderConnectedMode to true
2024-01-08 13:38:23,922 [INFO] MultiScanPanel:200 - Auto-refresh data requested => check proxy status ongoing
2024-01-08 13:38:23,926 [INFO] FinderPluginLoader:95 - Searching for filters in installed packs
2024-01-08 13:38:26,316 [INFO] LoadUrlFilesThread:185 - End of LoadServerUrlFiles without Thread
2024-01-08 13:38:26,344 [INFO] DetailPanel:341 - Set advertising image to C:/Users/APC/STM32Cube/Repository/\en.prom-stm32wl3-mcu-finder.jpg
2024-01-08 13:38:31,924 [ERROR] LogOutputStream:75 - [STDERR_REDIRECT] SLF4J: Failed to load class "org.slf4j.impl.StaticLoggerBinder".
2024-01-08 13:38:31,925 [ERROR] LogOutputStream:75 - [STDERR_REDIRECT] SLF4J: Defaulting to no-operation (NOP) logger implementation
2024-01-08 13:38:31,928 [ERROR] LogOutputStream:75 - [STDERR_REDIRECT] SLF4J: See http://www.slf4j.org/codes.html#StaticLoggerBinder for further details.
2024-01-08 13:39:43,025 [INFO] McuFinderGlobals:76 - Set McuFinderConnectedMode to true
2024-01-08 13:39:43,034 [INFO] ApiDb:448 - Save user favorites file C:\Users\APC/.stm32cubeide/favorites.mcus.txt: 2 item(s)
2024-01-08 13:39:43,035 [INFO] ApiDb:452 - User favorites MCUs=[STM32F103C8T6, STM32F103C8T6TR]
2024-01-08 13:41:45,235 [INFO] Activator:176 - 


2024-01-08 13:41:45,240 [INFO] Activator:177 - !SESSION log4j initialized
2024-01-08 13:41:54,945 [INFO] LogOutputStream:77 - [STDOUT_REDIRECT] 
2024-01-08 13:41:56,568 [INFO] ApplicationProperties:184 - Using Application install path: D:\IEEE\STM32CubeIDE_1.13.2\STM32CubeIDE\plugins\com.st.stm32cube.common.mx_6.9.2.202309101412
2024-01-08 13:41:56,646 [INFO] DbMcusXml:78 - Set database path to: D:\IEEE\STM32CubeIDE_1.13.2\STM32CubeIDE\plugins\com.st.stm32cube.common.mx_6.9.2.202309101412\\db\/mcu/
2024-01-08 13:41:56,647 [INFO] ApiDb:274 - Set plugin database path to: D:\IEEE\STM32CubeIDE_1.13.2\STM32CubeIDE\plugins\com.st.stm32cube.common.mx_6.9.2.202309101412\\db\/plugins/boardmanager/
2024-01-08 13:41:56,648 [WARN] ApiDb:259 - Overriding images path with different value:  => D:\IEEE\STM32CubeIDE_1.13.2\STM32CubeIDE\plugins\com.st.stm32cube.common.mx_6.9.2.202309101412\\db\/plugins/mcufinder/images/
2024-01-08 13:41:56,690 [INFO] ApiDb:250 - Set database path to: C:\Users\APC\.stmcufinder\plugins\mcufinder//mcu/
2024-01-08 13:41:56,696 [INFO] DbMcusAds:125 - Set database path to: C:\Users\APC\.stmcufinder\plugins\mcufinder//mcu/
2024-01-08 13:41:56,712 [INFO] CrossReferenceDbSqlite:203 - Set database path to: C:\Users\APC\.stmcufinder\plugins\mcufinder//mcu/cs/
2024-01-08 13:41:57,109 [INFO] RulesReader:64 - Compatibility file has been processed (293 Rules)
2024-01-08 13:41:57,344 [INFO] DbMcusXml:78 - Set database path to: D:\IEEE\STM32CubeIDE_1.13.2\STM32CubeIDE\plugins\com.st.stm32cube.common.mx_6.9.2.202309101412\\db\/mcu/
2024-01-08 13:41:57,345 [INFO] ApiDb:274 - Set plugin database path to: D:\IEEE\STM32CubeIDE_1.13.2\STM32CubeIDE\plugins\com.st.stm32cube.common.mx_6.9.2.202309101412\\db\/plugins/boardmanager/
2024-01-08 13:41:57,346 [INFO] ApiDb:261 - Set plugin images path to: D:\IEEE\STM32CubeIDE_1.13.2\STM32CubeIDE\plugins\com.st.stm32cube.common.mx_6.9.2.202309101412\\db\/plugins/mcufinder/images/
2024-01-08 13:41:57,346 [WARN] DbFile:41 - Overriding database path with different value: C:\Users\APC\.stmcufinder\plugins\mcufinder/ => C:\Users\APC\.stmcufinder\plugins\mcufinder
2024-01-08 13:41:57,346 [INFO] ApiDb:250 - Set database path to: C:\Users\APC\.stmcufinder\plugins\mcufinder//mcu/
2024-01-08 13:41:57,347 [WARN] DbFile:41 - Overriding database path with different value: C:\Users\APC\.stmcufinder\plugins\mcufinder/ => C:\Users\APC\.stmcufinder\plugins\mcufinder
2024-01-08 13:41:57,347 [INFO] DbMcusAds:125 - Set database path to: C:\Users\APC\.stmcufinder\plugins\mcufinder//mcu/
2024-01-08 13:41:57,347 [WARN] DbFile:41 - Overriding database path with different value: C:\Users\APC\.stmcufinder\plugins\mcufinder/ => C:\Users\APC\.stmcufinder\plugins\mcufinder
2024-01-08 13:41:57,347 [WARN] DbFile:41 - Overriding database path with different value: C:\Users\APC\.stmcufinder\plugins\mcufinder/ => C:\Users\APC\.stmcufinder\plugins\mcufinder
2024-01-08 13:41:57,348 [INFO] CrossReferenceDbSqlite:203 - Set database path to: C:\Users\APC\.stmcufinder\plugins\mcufinder//mcu/cs/
2024-01-08 13:41:57,534 [INFO] MainPanel:262 - HeapMemory: 268435456
2024-01-08 13:41:57,649 [INFO] DbMcusXml:78 - Set database path to: D:\IEEE\STM32CubeIDE_1.13.2\STM32CubeIDE\plugins\com.st.stm32cube.common.mx_6.9.2.202309101412\\db\/mcu/
2024-01-08 13:41:57,649 [INFO] ApiDb:274 - Set plugin database path to: D:\IEEE\STM32CubeIDE_1.13.2\STM32CubeIDE\plugins\com.st.stm32cube.common.mx_6.9.2.202309101412\\db\/plugins/boardmanager/
2024-01-08 13:41:57,649 [INFO] ApiDb:261 - Set plugin images path to: D:\IEEE\STM32CubeIDE_1.13.2\STM32CubeIDE\plugins\com.st.stm32cube.common.mx_6.9.2.202309101412\\db\/plugins/mcufinder/images/
2024-01-08 13:41:57,650 [WARN] DbFile:41 - Overriding database path with different value: C:\Users\APC\.stmcufinder\plugins\mcufinder/ => C:\Users\APC\.stmcufinder\plugins\mcufinder
2024-01-08 13:41:57,650 [INFO] ApiDb:250 - Set database path to: C:\Users\APC\.stmcufinder\plugins\mcufinder//mcu/
2024-01-08 13:41:57,650 [WARN] DbFile:41 - Overriding database path with different value: C:\Users\APC\.stmcufinder\plugins\mcufinder/ => C:\Users\APC\.stmcufinder\plugins\mcufinder
2024-01-08 13:41:57,650 [INFO] DbMcusAds:125 - Set database path to: C:\Users\APC\.stmcufinder\plugins\mcufinder//mcu/
2024-01-08 13:41:57,650 [WARN] DbFile:41 - Overriding database path with different value: C:\Users\APC\.stmcufinder\plugins\mcufinder/ => C:\Users\APC\.stmcufinder\plugins\mcufinder
2024-01-08 13:41:57,650 [WARN] DbFile:41 - Overriding database path with different value: C:\Users\APC\.stmcufinder\plugins\mcufinder/ => C:\Users\APC\.stmcufinder\plugins\mcufinder
2024-01-08 13:41:57,651 [INFO] CrossReferenceDbSqlite:203 - Set database path to: C:\Users\APC\.stmcufinder\plugins\mcufinder//mcu/cs/
2024-01-08 13:41:57,680 [INFO] ApplicationProperties:184 - Using Application install path: D:\IEEE\STM32CubeIDE_1.13.2\STM32CubeIDE\plugins\com.st.stm32cube.common.mx_6.9.2.202309101412
2024-01-08 13:41:57,682 [INFO] PluginManage:196 - Search for loadable plugins [exclusion list=, ]
2024-01-08 13:41:57,684 [INFO] PluginManage:310 - Check plugin analytics
2024-01-08 13:41:58,069 [INFO] AnalyticsPlugin:253 - Accepted Software Licenses: STM32CubeMX.6.9.2
2024-01-08 13:41:58,070 [INFO] AnalyticsPlugin:255 - Accepted CMSIS Pack Licenses: 
2024-01-08 13:41:58,070 [INFO] AnalyticsPlugin:257 - Accepted Firmware Licenses: 
2024-01-08 13:41:58,080 [INFO] PluginManage:359 - Loaded plugin analytics (category:tool,tabindex:-1)
2024-01-08 13:41:58,083 [INFO] PluginManage:310 - Check plugin cadmodel
2024-01-08 13:41:58,097 [INFO] CADModel:105 - Init CAD model plugin
2024-01-08 13:41:58,098 [INFO] PluginManage:359 - Loaded plugin cadmodel (category:power,tabindex:5)
2024-01-08 13:41:58,098 [INFO] PluginManage:310 - Check plugin clock
2024-01-08 13:41:58,119 [INFO] PluginManage:359 - Loaded plugin clock (category:base,tabindex:2)
2024-01-08 13:41:58,119 [INFO] PluginManage:310 - Check plugin ddr
2024-01-08 13:41:58,124 [INFO] PluginManage:359 - Loaded plugin ddr (category:tool,tabindex:6)
2024-01-08 13:41:58,124 [INFO] PluginManage:310 - Check plugin filemanager
2024-01-08 13:41:58,316 [INFO] PluginManage:359 - Loaded plugin filemanager (category:base,tabindex:10)
2024-01-08 13:41:58,316 [INFO] PluginManage:310 - Check plugin ipmanager
2024-01-08 13:41:58,326 [INFO] PluginManage:359 - Loaded plugin ipmanager (category:base,tabindex:5)
2024-01-08 13:41:58,327 [INFO] PluginManage:310 - Check plugin lpbam
2024-01-08 13:41:58,337 [INFO] PluginManage:359 - Loaded plugin lpbam (category:base,tabindex:0)
2024-01-08 13:41:58,338 [INFO] PluginManage:310 - Check plugin memorymap
2024-01-08 13:41:58,354 [INFO] PluginManage:359 - Loaded plugin memorymap (category:base,tabindex:4)
2024-01-08 13:41:58,354 [INFO] PluginManage:310 - Check plugin pinoutandconfiguration
2024-01-08 13:41:58,362 [INFO] PluginManage:359 - Loaded plugin pinoutandconfiguration (category:base,tabindex:1)
2024-01-08 13:41:58,362 [INFO] PluginManage:310 - Check plugin pinoutconfig
2024-01-08 13:41:58,579 [WARN] SupportedApi:132 - Cannot load RTOS API schema: s4s-elt-must-match.1: The content of 'definitions' must match (annotation?, (simpleType | complexType)?, (unique | key | keyref)*)). A problem was found starting at: attribute.
2024-01-08 13:41:58,835 [INFO] PluginManage:359 - Loaded plugin pinoutconfig (category:base,tabindex:0)
2024-01-08 13:41:58,835 [INFO] PluginManage:310 - Check plugin power
2024-01-08 13:41:58,847 [INFO] PluginManage:359 - Loaded plugin power (category:power,tabindex:4)
2024-01-08 13:41:58,847 [INFO] PluginManage:310 - Check plugin projectmanager
2024-01-08 13:41:58,869 [INFO] PluginManage:359 - Loaded plugin projectmanager (category:projectmanager,tabindex:3)
2024-01-08 13:41:58,870 [INFO] PluginManage:310 - Check plugin thirdparty
2024-01-08 13:41:59,144 [WARN] IntegrityCheckThread:84 - waiting for thirdparty lock release [integrity check]
2024-01-08 13:41:59,144 [INFO] IntegrityCheckThread:86 - entering critical section [integrity check]
2024-01-08 13:41:59,146 [INFO] PluginManage:359 - Loaded plugin thirdparty (category:base,tabindex:-1)
2024-01-08 13:41:59,146 [INFO] PluginManage:310 - Check plugin tools
2024-01-08 13:41:59,147 [INFO] ThirdPartyUpdaterWithRetryManager:70 - Updater plugin not ready yet. [1/15]
2024-01-08 13:41:59,155 [INFO] PluginManage:359 - Loaded plugin tools (category:base,tabindex:7)
2024-01-08 13:41:59,155 [INFO] PluginManage:310 - Check plugin tutovideos
2024-01-08 13:41:59,404 [INFO] PluginManage:359 - Loaded plugin tutovideos (category:base,tabindex:-1)
2024-01-08 13:41:59,405 [INFO] PluginManage:310 - Check plugin updater
2024-01-08 13:41:59,422 [INFO] PluginManage:359 - Loaded plugin updater (category:base,tabindex:12)
2024-01-08 13:41:59,422 [INFO] PluginManage:310 - Check plugin userauth
2024-01-08 13:41:59,428 [INFO] UserAuth:113 - Init User Auth plugin
2024-01-08 13:41:59,429 [INFO] PluginManage:359 - Loaded plugin userauth (category:base,tabindex:14)
2024-01-08 13:41:59,429 [INFO] PluginManage:283 - PluginManage : Loaded plugins [17]
2024-01-08 13:41:59,750 [INFO] PinOutPanel:1499 - setPackage(No Configuration,No Configuration)
2024-01-08 13:41:59,945 [INFO] CADModel:165 - CPN selected for project level
2024-01-08 13:41:59,945 [INFO] CADModel:114 - Register for checkConnection events
2024-01-08 13:41:59,981 [INFO] IPUIPlugin:80 - create IPUIPlugin
2024-01-08 13:41:59,981 [INFO] PluginManager:220 - loadIPPluginJar : add adc
2024-01-08 13:41:59,987 [INFO] IPUIPlugin:80 - create IPUIPlugin
2024-01-08 13:41:59,987 [INFO] PluginManager:220 - loadIPPluginJar : add aes
2024-01-08 13:41:59,992 [INFO] IPUIPlugin:80 - create IPUIPlugin
2024-01-08 13:41:59,993 [INFO] PluginManager:220 - loadIPPluginJar : add can
2024-01-08 13:41:59,996 [INFO] IPUIPlugin:80 - create IPUIPlugin
2024-01-08 13:41:59,996 [INFO] PluginManager:220 - loadIPPluginJar : add comp
2024-01-08 13:42:00,001 [INFO] IPUIPlugin:80 - create IPUIPlugin
2024-01-08 13:42:00,001 [INFO] PluginManager:220 - loadIPPluginJar : add cryp
2024-01-08 13:42:00,007 [INFO] IPUIPlugin:80 - create IPUIPlugin
2024-01-08 13:42:00,007 [INFO] PluginManager:220 - loadIPPluginJar : add dfsdm
2024-01-08 13:42:00,021 [INFO] IPUIPlugin:80 - create IPUIPlugin
2024-01-08 13:42:00,022 [INFO] PluginManager:220 - loadIPPluginJar : add dma
2024-01-08 13:42:00,027 [INFO] IPUIPlugin:80 - create IPUIPlugin
2024-01-08 13:42:00,028 [INFO] PluginManager:220 - loadIPPluginJar : add dma3
2024-01-08 13:42:00,031 [INFO] IPUIPlugin:80 - create IPUIPlugin
2024-01-08 13:42:00,032 [INFO] PluginManager:220 - loadIPPluginJar : add fatfs
2024-01-08 13:42:00,041 [INFO] IPUIPlugin:80 - create IPUIPlugin
2024-01-08 13:42:00,041 [INFO] PluginManager:220 - loadIPPluginJar : add fmc
2024-01-08 13:42:00,053 [INFO] IPUIPlugin:80 - create IPUIPlugin
2024-01-08 13:42:00,054 [INFO] PluginManager:220 - loadIPPluginJar : add freertos
2024-01-08 13:42:00,057 [INFO] IPUIPlugin:80 - create IPUIPlugin
2024-01-08 13:42:00,057 [INFO] PluginManager:220 - loadIPPluginJar : add genericplugin
2024-01-08 13:42:00,062 [INFO] IPUIPlugin:80 - create IPUIPlugin
2024-01-08 13:42:00,062 [INFO] PluginManager:220 - loadIPPluginJar : add gfxmmu
2024-01-08 13:42:00,071 [INFO] IPUIPlugin:80 - create IPUIPlugin
2024-01-08 13:42:00,071 [INFO] PluginManager:220 - loadIPPluginJar : add gic
2024-01-08 13:42:00,081 [INFO] IPUIPlugin:80 - create IPUIPlugin
2024-01-08 13:42:00,082 [INFO] PluginManager:220 - loadIPPluginJar : add gpio
2024-01-08 13:42:00,089 [INFO] IPUIPlugin:80 - create IPUIPlugin
2024-01-08 13:42:00,089 [INFO] PluginManager:220 - loadIPPluginJar : add gtzc
2024-01-08 13:42:00,096 [INFO] IPUIPlugin:80 - create IPUIPlugin
2024-01-08 13:42:00,096 [INFO] PluginManager:220 - loadIPPluginJar : add hash
2024-01-08 13:42:00,102 [INFO] IPUIPlugin:80 - create IPUIPlugin
2024-01-08 13:42:00,103 [INFO] PluginManager:220 - loadIPPluginJar : add i2c
2024-01-08 13:42:00,108 [INFO] IPUIPlugin:80 - create IPUIPlugin
2024-01-08 13:42:00,108 [INFO] PluginManager:220 - loadIPPluginJar : add i2s
2024-01-08 13:42:00,114 [INFO] IPUIPlugin:80 - create IPUIPlugin
2024-01-08 13:42:00,115 [INFO] PluginManager:220 - loadIPPluginJar : add i3c
2024-01-08 13:42:00,121 [INFO] IPUIPlugin:80 - create IPUIPlugin
2024-01-08 13:42:00,121 [INFO] PluginManager:220 - loadIPPluginJar : add ipddr
2024-01-08 13:42:00,134 [INFO] IPUIPlugin:80 - create IPUIPlugin
2024-01-08 13:42:00,135 [INFO] PluginManager:220 - loadIPPluginJar : add linkedlist
2024-01-08 13:42:00,140 [INFO] IPUIPlugin:80 - create IPUIPlugin
2024-01-08 13:42:00,141 [INFO] PluginManager:220 - loadIPPluginJar : add lorawan
2024-01-08 13:42:00,145 [INFO] IPUIPlugin:80 - create IPUIPlugin
2024-01-08 13:42:00,145 [INFO] PluginManager:220 - loadIPPluginJar : add ltdc
2024-01-08 13:42:00,158 [INFO] IPUIPlugin:80 - create IPUIPlugin
2024-01-08 13:42:00,158 [INFO] PluginManager:220 - loadIPPluginJar : add mdma
2024-01-08 13:42:00,165 [INFO] IPUIPlugin:80 - create IPUIPlugin
2024-01-08 13:42:00,165 [INFO] PluginManager:220 - loadIPPluginJar : add nvic
2024-01-08 13:42:00,171 [INFO] IPUIPlugin:80 - create IPUIPlugin
2024-01-08 13:42:00,172 [INFO] PluginManager:220 - loadIPPluginJar : add opamp
2024-01-08 13:42:00,178 [INFO] IPUIPlugin:80 - create IPUIPlugin
2024-01-08 13:42:00,179 [INFO] PluginManager:220 - loadIPPluginJar : add openamp
2024-01-08 13:42:00,187 [INFO] IPUIPlugin:80 - create IPUIPlugin
2024-01-08 13:42:00,187 [INFO] PluginManager:220 - loadIPPluginJar : add pdm2pcm
2024-01-08 13:42:00,201 [INFO] IPUIPlugin:80 - create IPUIPlugin
2024-01-08 13:42:00,206 [INFO] PluginManager:220 - loadIPPluginJar : add plateformsettings
2024-01-08 13:42:00,210 [INFO] IPUIPlugin:80 - create IPUIPlugin
2024-01-08 13:42:00,210 [INFO] PluginManager:220 - loadIPPluginJar : add quadspi
2024-01-08 13:42:00,217 [INFO] IPUIPlugin:80 - create IPUIPlugin
2024-01-08 13:42:00,217 [INFO] PluginManager:220 - loadIPPluginJar : add resmgrutility
2024-01-08 13:42:00,227 [INFO] IPUIPlugin:80 - create IPUIPlugin
2024-01-08 13:42:00,227 [INFO] PluginManager:220 - loadIPPluginJar : add sai
2024-01-08 13:42:00,233 [INFO] IPUIPlugin:80 - create IPUIPlugin
2024-01-08 13:42:00,233 [INFO] PluginManager:220 - loadIPPluginJar : add spi
2024-01-08 13:42:00,242 [INFO] IPUIPlugin:80 - create IPUIPlugin
2024-01-08 13:42:00,242 [INFO] PluginManager:220 - loadIPPluginJar : add stm32_wpan
2024-01-08 13:42:00,247 [INFO] IPUIPlugin:80 - create IPUIPlugin
2024-01-08 13:42:00,247 [INFO] PluginManager:220 - loadIPPluginJar : add tim
2024-01-08 13:42:00,253 [INFO] IPUIPlugin:80 - create IPUIPlugin
2024-01-08 13:42:00,253 [INFO] PluginManager:220 - loadIPPluginJar : add touchsensing
2024-01-08 13:42:00,257 [INFO] IPUIPlugin:80 - create IPUIPlugin
2024-01-08 13:42:00,258 [INFO] PluginManager:220 - loadIPPluginJar : add tracer_emb
2024-01-08 13:42:00,262 [INFO] IPUIPlugin:80 - create IPUIPlugin
2024-01-08 13:42:00,262 [INFO] PluginManager:220 - loadIPPluginJar : add ts
2024-01-08 13:42:00,265 [INFO] IPUIPlugin:80 - create IPUIPlugin
2024-01-08 13:42:00,265 [INFO] PluginManager:220 - loadIPPluginJar : add tsc
2024-01-08 13:42:00,269 [INFO] IPUIPlugin:80 - create IPUIPlugin
2024-01-08 13:42:00,269 [INFO] PluginManager:220 - loadIPPluginJar : add ucpd
2024-01-08 13:42:00,274 [INFO] IPUIPlugin:80 - create IPUIPlugin
2024-01-08 13:42:00,274 [INFO] PluginManager:220 - loadIPPluginJar : add usart
2024-01-08 13:42:00,280 [INFO] IPUIPlugin:80 - create IPUIPlugin
2024-01-08 13:42:00,280 [INFO] PluginManager:220 - loadIPPluginJar : add usbx
2024-01-08 13:42:00,453 [INFO] CADModel:165 - CPN selected for project level
2024-01-08 13:42:00,454 [INFO] CADModel:114 - Register for checkConnection events
2024-01-08 13:42:00,454 [FATAL] Updater:308 - Updater called before beeing initialized
2024-01-08 13:42:00,454 [ERROR] CADModel:125 - Updater not yet initialized, retry later 
2024-01-08 13:42:00,677 [INFO] CADModel:165 - CPN selected for project level
2024-01-08 13:42:00,677 [INFO] CADModel:114 - Register for checkConnection events
2024-01-08 13:42:00,677 [FATAL] Updater:308 - Updater called before beeing initialized
2024-01-08 13:42:00,677 [ERROR] CADModel:125 - Updater not yet initialized, retry later 
2024-01-08 13:42:00,681 [FATAL] Updater:308 - Updater called before beeing initialized
2024-01-08 13:42:00,884 [FATAL] Updater:308 - Updater called before beeing initialized
2024-01-08 13:42:00,895 [INFO] DbMcusAds:53 - JSON generation date=Wed Nov 29 17:52:27 ICT 2023 (1701255147349)
2024-01-08 13:42:00,896 [FATAL] Updater:308 - Updater called before beeing initialized
2024-01-08 13:42:00,982 [WARN] DetailPanel:346 - Failed to get advertising image, set to default
2024-01-08 13:42:01,138 [FATAL] Updater:308 - Updater called before beeing initialized
2024-01-08 13:42:01,140 [FATAL] Updater:308 - Updater called before beeing initialized
2024-01-08 13:42:01,140 [FATAL] Updater:308 - Updater called before beeing initialized
2024-01-08 13:42:01,140 [WARN] DetailPanel:346 - Failed to get advertising image, set to default
2024-01-08 13:42:01,141 [FATAL] Updater:308 - Updater called before beeing initialized
2024-01-08 13:42:01,203 [ERROR] Updater:1120 - MainUpdater not yet initialized. External WinMGr cannot be set.
2024-01-08 13:42:01,206 [INFO] Updater:1056 - Updater Version found : 6.9.2
2024-01-08 13:42:01,228 [INFO] ApplicationProperties:184 - Using Application install path: D:\IEEE\STM32CubeIDE_1.13.2\STM32CubeIDE\plugins\com.st.stm32cube.common.mx_6.9.2.202309101412
2024-01-08 13:42:01,433 [INFO] MainUpdater:2868 - connection check result : 10
2024-01-08 13:42:01,434 [INFO] MainUpdater:285 - Updater Check For Update Now.
2024-01-08 13:42:01,435 [INFO] MicroXplorer:498 - Change Database Version : DB.6.0.92
2024-01-08 13:42:01,464 [INFO] McuFinderGlobals:63 - Set McuFinder mode to 2 (CubeIDE integrated)
2024-01-08 13:42:01,465 [INFO] UserAuth:179 - activating auth plugin
2024-01-08 13:42:01,473 [INFO] UserAuth:393 - Internet connection configuration mode: 1
2024-01-08 13:42:01,508 [INFO] JxBrowserEngine:151 - Initiate JxBrowser Engine with user profile folder
2024-01-08 13:42:01,720 [INFO] CheckServerUpdateThread:120 - End of CheckServer Thread
2024-01-08 13:42:02,798 [WARN] PackLoader:240 - Cannot read IP mode file for STMicroelectronics.X-CUBE-SMBUS.2.1.0
2024-01-08 13:42:02,826 [WARN] PackLoader:240 - Cannot read IP mode file for STMicroelectronics.X-CUBE-TOUCHGFX.4.23.0
2024-01-08 13:42:02,926 [WARN] PackLoader:240 - Cannot read IP mode file for STMicroelectronics.X-CUBE-AZRTOS-F7.1.1.0
2024-01-08 13:42:02,963 [WARN] PackLoader:240 - Cannot read IP mode file for STMicroelectronics.FP-SNS-MOTENV1.4.3.2
2024-01-08 13:42:02,978 [WARN] PackLoader:240 - Cannot read IP mode file for STMicroelectronics.FP-SNS-FLIGHT1.5.0.2
2024-01-08 13:42:03,008 [WARN] PackLoader:240 - Cannot read IP mode file for STMicroelectronics.X-CUBE-DISPLAY.3.0.0
2024-01-08 13:42:03,065 [WARN] PackLoader:240 - Cannot read IP mode file for STMicroelectronics.X-CUBE-BLE1.7.0.0
2024-01-08 13:42:03,087 [WARN] PackLoader:240 - Cannot read IP mode file for emotas.I-CUBE-CANOPEN.1.3.0
2024-01-08 13:42:03,099 [WARN] PackLoader:240 - Cannot read IP mode file for STMicroelectronics.X-CUBE-TOUCHGFX.4.22.0
2024-01-08 13:42:03,109 [WARN] PackLoader:240 - Cannot read IP mode file for STMicroelectronics.X-CUBE-TOUCHGFX.4.22.1
2024-01-08 13:42:03,132 [WARN] PackLoader:240 - Cannot read IP mode file for STMicroelectronics.FP-SNS-SMARTAG2.1.2.0
2024-01-08 13:42:03,187 [INFO] LogOutputStream:77 - [STDOUT_REDIRECT] 1 : Invalid condition id : UX_CORESTACK_Condition cause : null
2024-01-08 13:42:03,191 [INFO] LogOutputStream:77 - [STDOUT_REDIRECT] 1 : Invalid condition id : UX_CORESTACK_Condition cause : null
2024-01-08 13:42:03,198 [INFO] LogOutputStream:77 - [STDOUT_REDIRECT] 1 : Invalid condition id : UX_CORESTACK_Condition cause : null
2024-01-08 13:42:03,204 [INFO] LogOutputStream:77 - [STDOUT_REDIRECT] 1 : Invalid condition id : UX_CORESTACK_Condition cause : null
2024-01-08 13:42:03,212 [INFO] LogOutputStream:77 - [STDOUT_REDIRECT] 1 : Invalid condition id : UX_CORESTACK_Condition cause : null
2024-01-08 13:42:03,238 [WARN] PackLoader:240 - Cannot read IP mode file for STMicroelectronics.X-CUBE-AZRTOS-WL.2.0.0
2024-01-08 13:42:03,292 [WARN] PackLoader:240 - Cannot read IP mode file for WES.I-CUBE-Cesium.1.3.0
2024-01-08 13:42:03,318 [WARN] PackLoader:240 - Cannot read IP mode file for STMicroelectronics.X-CUBE-BLE2.3.3.0
2024-01-08 13:42:03,351 [WARN] PackLoader:240 - Cannot read IP mode file for STMicroelectronics.X-CUBE-ALGOBUILD.1.3.0
2024-01-08 13:42:03,449 [WARN] PackLoader:240 - Cannot read IP mode file for STMicroelectronics.X-CUBE-AZRTOS-G0.1.1.0
2024-01-08 13:42:03,503 [WARN] PackLoader:240 - Cannot read IP mode file for STMicroelectronics.X-CUBE-NFC4.3.0.0
2024-01-08 13:42:03,555 [WARN] PackLoader:240 - Cannot read IP mode file for STMicroelectronics.X-CUBE-BLEMGR.3.0.0
2024-01-08 13:42:03,579 [WARN] PackLoader:240 - Cannot read IP mode file for STMicroelectronics.FP-ATR-SIGFOX1.3.2.0
2024-01-08 13:42:03,764 [WARN] PackLoader:240 - Cannot read IP mode file for SEGGER.I-CUBE-embOS.1.3.1
2024-01-08 13:42:03,980 [WARN] PackLoader:240 - Cannot read IP mode file for STMicroelectronics.X-CUBE-GNSS1.6.0.0
2024-01-08 13:42:04,053 [WARN] PackLoader:240 - Cannot read IP mode file for STMicroelectronics.X-CUBE-AZRTOS-F4.1.1.0
2024-01-08 13:42:04,156 [WARN] PackLoader:240 - Cannot read IP mode file for STMicroelectronics.X-CUBE-AZRTOS-L5.2.0.0
2024-01-08 13:42:04,245 [INFO] WebApp:157 - Instantiating new browser for Auth
2024-01-08 13:42:04,353 [WARN] PackLoader:240 - Cannot read IP mode file for STMicroelectronics.X-CUBE-MEMS1.9.6.0
2024-01-08 13:42:05,062 [WARN] PackLoader:240 - Cannot read IP mode file for STMicroelectronics.X-CUBE-EEPRMA1.4.2.0
2024-01-08 13:42:05,084 [WARN] PackLoader:240 - Cannot read IP mode file for ITTIA_DB.I-CUBE-ITTIADB.8.8.0
2024-01-08 13:42:05,110 [WARN] PackLoader:240 - Cannot read IP mode file for STMicroelectronics.X-CUBE-BLEMGR.2.0.0
2024-01-08 13:42:05,176 [WARN] ConditionMgr:438 - getConditionDescription Invalid condition id : UX DEVICE CLASS RTOS Condition cause : null
2024-01-08 13:42:05,177 [WARN] ConditionMgr:438 - getConditionDescription Invalid condition id : UX DEVICE CLASS RTOS Condition cause : null
2024-01-08 13:42:05,193 [WARN] PackLoader:240 - Cannot read IP mode file for STMicroelectronics.X-CUBE-AZRTOS-H7.3.1.0
2024-01-08 13:42:05,198 [WARN] ConditionMgr:1039 - genDependencies : Invalid condition id : UX DEVICE CLASS RTOS Condition cause : null
2024-01-08 13:42:05,199 [WARN] ConditionMgr:1039 - genDependencies : Invalid condition id : UX DEVICE CLASS RTOS Condition cause : null
2024-01-08 13:42:05,202 [WARN] ConditionMgr:1039 - genDependencies : Invalid condition id : UX DEVICE CLASS RTOS Condition cause : null
2024-01-08 13:42:05,204 [WARN] ConditionMgr:1039 - genDependencies : Invalid condition id : UX DEVICE CLASS RTOS Condition cause : null
2024-01-08 13:42:05,204 [WARN] ConditionMgr:1039 - genDependencies : Invalid condition id : UX DEVICE CLASS RTOS Condition cause : null
2024-01-08 13:42:05,229 [WARN] PackLoader:240 - Cannot read IP mode file for wolfSSL.I-CUBE-wolfSSL.5.5.4
2024-01-08 13:42:05,252 [WARN] PackLoader:240 - Cannot read IP mode file for STMicroelectronics.X-CUBE-NFC7.1.0.1
2024-01-08 13:42:05,285 [WARN] PackLoader:240 - Cannot read IP mode file for STMicroelectronics.X-CUBE-NFC6.3.0.0
2024-01-08 13:42:05,310 [WARN] PackLoader:240 - Cannot read IP mode file for STMicroelectronics.X-CUBE-EEPRMA1.4.1.0
2024-01-08 13:42:05,330 [WARN] PackLoader:240 - Cannot read IP mode file for STMicroelectronics.X-CUBE-AI.8.1.0
2024-01-08 13:42:05,413 [WARN] ConditionMgr:438 - getConditionDescription Invalid condition id : LAN8742 Phy interface Condition cause : null
2024-01-08 13:42:05,415 [WARN] PackLoader:240 - Cannot read IP mode file for STMicroelectronics.X-CUBE-AZRTOS-L4.2.0.0
2024-01-08 13:42:05,420 [WARN] ConditionMgr:1039 - genDependencies : Invalid condition id : LAN8742 Phy interface Condition cause : null
2024-01-08 13:42:05,422 [WARN] ConditionMgr:1039 - genDependencies : Invalid condition id : LAN8742 Phy interface Condition cause : null
2024-01-08 13:42:05,424 [WARN] ConditionMgr:1039 - genDependencies : Invalid condition id : LAN8742 Phy interface Condition cause : null
2024-01-08 13:42:05,459 [WARN] PackLoader:240 - Cannot read IP mode file for STMicroelectronics.X-CUBE-SFXS2LP1.4.0.0
2024-01-08 13:42:05,480 [WARN] PackLoader:240 - Cannot read IP mode file for STMicroelectronics.X-CUBE-ISPU.1.1.0
2024-01-08 13:42:05,525 [WARN] ConditionMgr:438 - getConditionDescription Invalid condition id : UX DEVICE CLASS RTOS Condition cause : null
2024-01-08 13:42:05,525 [WARN] ConditionMgr:438 - getConditionDescription Invalid condition id : UX DEVICE CLASS RTOS Condition cause : null
2024-01-08 13:42:05,532 [WARN] PackLoader:240 - Cannot read IP mode file for STMicroelectronics.X-CUBE-AZRTOS-WB.2.0.0
2024-01-08 13:42:05,534 [WARN] ConditionMgr:1039 - genDependencies : Invalid condition id : UX DEVICE CLASS RTOS Condition cause : null
2024-01-08 13:42:05,535 [WARN] ConditionMgr:1039 - genDependencies : Invalid condition id : UX DEVICE CLASS RTOS Condition cause : null
2024-01-08 13:42:05,536 [WARN] ConditionMgr:1039 - genDependencies : Invalid condition id : UX DEVICE CLASS RTOS Condition cause : null
2024-01-08 13:42:05,537 [WARN] ConditionMgr:1039 - genDependencies : Invalid condition id : UX DEVICE CLASS RTOS Condition cause : null
2024-01-08 13:42:05,537 [WARN] ConditionMgr:1039 - genDependencies : Invalid condition id : UX DEVICE CLASS RTOS Condition cause : null
2024-01-08 13:42:05,579 [WARN] PackLoader:240 - Cannot read IP mode file for STMicroelectronics.X-CUBE-SUBG2.5.0.0
2024-01-08 13:42:05,635 [WARN] PackLoader:240 - Cannot read IP mode file for STMicroelectronics.X-CUBE-TOF1.3.3.1
2024-01-08 13:42:05,735 [WARN] PackLoader:240 - Cannot read IP mode file for STMicroelectronics.X-CUBE-AZRTOS-G4.2.0.0
2024-01-08 13:42:05,792 [WARN] PackLoader:240 - Cannot read IP mode file for Infineon.AIROC-Wi-Fi-Bluetooth-STM32.1.5.1
2024-01-08 13:42:05,825 [WARN] PackLoader:240 - Cannot read IP mode file for STMicroelectronics.FP-SNS-MOTENVWB1.1.3.0
2024-01-08 13:42:05,841 [WARN] PackLoader:240 - Cannot read IP mode file for STMicroelectronics.FP-SNS-MOTENVWB1.1.3.1
2024-01-08 13:42:05,856 [WARN] PackLoader:240 - Cannot read IP mode file for STMicroelectronics.X-CUBE-ISPU.2.0.0
2024-01-08 13:42:06,017 [WARN] PackLoader:240 - Cannot read IP mode file for STMicroelectronics.X-CUBE-MEMS1.10.0.0
2024-01-08 13:42:06,544 [WARN] PackLoader:240 - Cannot read IP mode file for STMicroelectronics.X-CUBE-FREERTOS.1.1.0
2024-01-08 13:42:06,566 [WARN] PackLoader:240 - Cannot read IP mode file for portGmbH.I-Cube-SoM-uGOAL.1.1.0
2024-01-08 13:42:06,582 [WARN] PackLoader:240 - Cannot read IP mode file for STMicroelectronics.X-CUBE-ALS.1.0.1
2024-01-08 13:42:06,598 [WARN] PackLoader:240 - Cannot read IP mode file for STMicroelectronics.FP-ATR-ASTRA1.2.0.0
2024-01-08 13:42:06,634 [WARN] PackLoader:240 - Cannot read IP mode file for STMicroelectronics.X-CUBE-TOF1.3.4.0
2024-01-08 13:42:06,753 [WARN] PackLoader:240 - Cannot read IP mode file for STMicroelectronics.X-CUBE-AZRTOS-H7.3.2.0
2024-01-08 13:42:06,767 [INFO] ThirdParty:978 - Integrity check success = true
2024-01-08 13:42:06,767 [INFO] IntegrityCheckThread:100 - exiting critical section [integrity check]
2024-01-08 13:42:06,767 [INFO] IntegrityCheckThread:103 - End integrity checks thread
2024-01-08 13:42:07,337 [INFO] WebApp:753 - Register for checkConnection events
2024-01-08 13:42:07,337 [INFO] WebApp:390 - Apply proxy settings
2024-01-08 13:42:07,338 [INFO] WebApp:475 - Chromium requires no authentication
2024-01-08 13:42:07,369 [INFO] WebApp:418 - Direct internet connection detected
2024-01-08 13:42:08,117 [INFO] WebApp:188 - Starting web application
2024-01-08 13:42:08,117 [INFO] WebApp:520 - Web application path used D:\IEEE\STM32CubeIDE_1.13.2\STM32CubeIDE\plugins\com.st.stm32cube.common.mx_6.9.2.202309101412\db\plugins\mcufinder\reactClient1\index.html
2024-01-08 13:42:29,494 [ERROR] LogOutputStream:75 - [STDERR_REDIRECT] SLF4J: Failed to load class "org.slf4j.impl.StaticLoggerBinder".
2024-01-08 13:42:29,495 [ERROR] LogOutputStream:75 - [STDERR_REDIRECT] SLF4J: Defaulting to no-operation (NOP) logger implementation
2024-01-08 13:42:29,497 [ERROR] LogOutputStream:75 - [STDERR_REDIRECT] SLF4J: See http://www.slf4j.org/codes.html#StaticLoggerBinder for further details.
2024-01-08 23:27:31,359 [ERROR] LogOutputStream:75 - [STDERR_REDIRECT] 
