2024-01-10 22:55:16,594 [INFO] Activator:176 - 


2024-01-10 22:55:16,612 [INFO] Activator:177 - !SESSION log4j initialized
2024-01-10 22:55:36,947 [INFO] LogOutputStream:77 - [STDOUT_REDIRECT] 
2024-01-10 22:55:46,108 [INFO] ApplicationProperties:184 - Using Application install path: D:\IEEE\STM32CubeIDE_1.13.2\STM32CubeIDE\plugins\com.st.stm32cube.common.mx_6.9.2.202309101412
2024-01-10 22:55:46,146 [INFO] DbMcusXml:78 - Set database path to: D:\IEEE\STM32CubeIDE_1.13.2\STM32CubeIDE\plugins\com.st.stm32cube.common.mx_6.9.2.202309101412\\db\/mcu/
2024-01-10 22:55:46,147 [INFO] ApiDb:274 - Set plugin database path to: D:\IEEE\STM32CubeIDE_1.13.2\STM32CubeIDE\plugins\com.st.stm32cube.common.mx_6.9.2.202309101412\\db\/plugins/boardmanager/
2024-01-10 22:55:46,148 [WARN] ApiDb:259 - Overriding images path with different value:  => D:\IEEE\STM32CubeIDE_1.13.2\STM32CubeIDE\plugins\com.st.stm32cube.common.mx_6.9.2.202309101412\\db\/plugins/mcufinder/images/
2024-01-10 22:55:46,222 [INFO] ApiDb:250 - Set database path to: C:\Users\APC\.stmcufinder\plugins\mcufinder//mcu/
2024-01-10 22:55:46,227 [INFO] DbMcusAds:125 - Set database path to: C:\Users\APC\.stmcufinder\plugins\mcufinder//mcu/
2024-01-10 22:55:46,873 [INFO] CrossReferenceDbSqlite:203 - Set database path to: C:\Users\APC\.stmcufinder\plugins\mcufinder//mcu/cs/
2024-01-10 22:55:47,148 [INFO] RulesReader:64 - Compatibility file has been processed (293 Rules)
2024-01-10 22:55:47,581 [INFO] DbMcusXml:78 - Set database path to: D:\IEEE\STM32CubeIDE_1.13.2\STM32CubeIDE\plugins\com.st.stm32cube.common.mx_6.9.2.202309101412\\db\/mcu/
2024-01-10 22:55:47,582 [INFO] ApiDb:274 - Set plugin database path to: D:\IEEE\STM32CubeIDE_1.13.2\STM32CubeIDE\plugins\com.st.stm32cube.common.mx_6.9.2.202309101412\\db\/plugins/boardmanager/
2024-01-10 22:55:47,583 [INFO] ApiDb:261 - Set plugin images path to: D:\IEEE\STM32CubeIDE_1.13.2\STM32CubeIDE\plugins\com.st.stm32cube.common.mx_6.9.2.202309101412\\db\/plugins/mcufinder/images/
2024-01-10 22:55:47,584 [WARN] DbFile:41 - Overriding database path with different value: C:\Users\APC\.stmcufinder\plugins\mcufinder/ => C:\Users\APC\.stmcufinder\plugins\mcufinder
2024-01-10 22:55:47,584 [INFO] ApiDb:250 - Set database path to: C:\Users\APC\.stmcufinder\plugins\mcufinder//mcu/
2024-01-10 22:55:47,585 [WARN] DbFile:41 - Overriding database path with different value: C:\Users\APC\.stmcufinder\plugins\mcufinder/ => C:\Users\APC\.stmcufinder\plugins\mcufinder
2024-01-10 22:55:47,585 [INFO] DbMcusAds:125 - Set database path to: C:\Users\APC\.stmcufinder\plugins\mcufinder//mcu/
2024-01-10 22:55:47,586 [WARN] DbFile:41 - Overriding database path with different value: C:\Users\APC\.stmcufinder\plugins\mcufinder/ => C:\Users\APC\.stmcufinder\plugins\mcufinder
2024-01-10 22:55:47,586 [WARN] DbFile:41 - Overriding database path with different value: C:\Users\APC\.stmcufinder\plugins\mcufinder/ => C:\Users\APC\.stmcufinder\plugins\mcufinder
2024-01-10 22:55:48,375 [INFO] CrossReferenceDbSqlite:203 - Set database path to: C:\Users\APC\.stmcufinder\plugins\mcufinder//mcu/cs/
2024-01-10 22:55:48,531 [INFO] MainPanel:262 - HeapMemory: 268435456
2024-01-10 22:55:48,764 [INFO] DbMcusXml:78 - Set database path to: D:\IEEE\STM32CubeIDE_1.13.2\STM32CubeIDE\plugins\com.st.stm32cube.common.mx_6.9.2.202309101412\\db\/mcu/
2024-01-10 22:55:48,765 [INFO] ApiDb:274 - Set plugin database path to: D:\IEEE\STM32CubeIDE_1.13.2\STM32CubeIDE\plugins\com.st.stm32cube.common.mx_6.9.2.202309101412\\db\/plugins/boardmanager/
2024-01-10 22:55:48,765 [INFO] ApiDb:261 - Set plugin images path to: D:\IEEE\STM32CubeIDE_1.13.2\STM32CubeIDE\plugins\com.st.stm32cube.common.mx_6.9.2.202309101412\\db\/plugins/mcufinder/images/
2024-01-10 22:55:48,766 [WARN] DbFile:41 - Overriding database path with different value: C:\Users\APC\.stmcufinder\plugins\mcufinder/ => C:\Users\APC\.stmcufinder\plugins\mcufinder
2024-01-10 22:55:48,767 [INFO] ApiDb:250 - Set database path to: C:\Users\APC\.stmcufinder\plugins\mcufinder//mcu/
2024-01-10 22:55:48,767 [WARN] DbFile:41 - Overriding database path with different value: C:\Users\APC\.stmcufinder\plugins\mcufinder/ => C:\Users\APC\.stmcufinder\plugins\mcufinder
2024-01-10 22:55:48,767 [INFO] DbMcusAds:125 - Set database path to: C:\Users\APC\.stmcufinder\plugins\mcufinder//mcu/
2024-01-10 22:55:48,768 [WARN] DbFile:41 - Overriding database path with different value: C:\Users\APC\.stmcufinder\plugins\mcufinder/ => C:\Users\APC\.stmcufinder\plugins\mcufinder
2024-01-10 22:55:48,768 [WARN] DbFile:41 - Overriding database path with different value: C:\Users\APC\.stmcufinder\plugins\mcufinder/ => C:\Users\APC\.stmcufinder\plugins\mcufinder
2024-01-10 22:55:49,361 [INFO] CrossReferenceDbSqlite:203 - Set database path to: C:\Users\APC\.stmcufinder\plugins\mcufinder//mcu/cs/
2024-01-10 22:55:49,394 [INFO] ApplicationProperties:184 - Using Application install path: D:\IEEE\STM32CubeIDE_1.13.2\STM32CubeIDE\plugins\com.st.stm32cube.common.mx_6.9.2.202309101412
2024-01-10 22:55:49,396 [INFO] PluginManage:196 - Search for loadable plugins [exclusion list=, ]
2024-01-10 22:55:49,398 [INFO] PluginManage:310 - Check plugin analytics
2024-01-10 22:55:55,154 [INFO] AnalyticsPlugin:253 - Accepted Software Licenses: STM32CubeMX.6.9.2
2024-01-10 22:55:55,155 [INFO] AnalyticsPlugin:255 - Accepted CMSIS Pack Licenses: 
2024-01-10 22:55:55,155 [INFO] AnalyticsPlugin:257 - Accepted Firmware Licenses: 
2024-01-10 22:55:55,163 [INFO] PluginManage:359 - Loaded plugin analytics (category:tool,tabindex:-1)
2024-01-10 22:55:55,165 [INFO] PluginManage:310 - Check plugin cadmodel
2024-01-10 22:55:55,198 [INFO] CADModel:105 - Init CAD model plugin
2024-01-10 22:55:55,198 [INFO] PluginManage:359 - Loaded plugin cadmodel (category:power,tabindex:5)
2024-01-10 22:55:55,198 [INFO] PluginManage:310 - Check plugin clock
2024-01-10 22:55:55,249 [INFO] PluginManage:359 - Loaded plugin clock (category:base,tabindex:2)
2024-01-10 22:55:55,249 [INFO] PluginManage:310 - Check plugin ddr
2024-01-10 22:55:55,255 [INFO] PluginManage:359 - Loaded plugin ddr (category:tool,tabindex:6)
2024-01-10 22:55:55,255 [INFO] PluginManage:310 - Check plugin filemanager
2024-01-10 22:55:55,656 [INFO] PluginManage:359 - Loaded plugin filemanager (category:base,tabindex:10)
2024-01-10 22:55:55,657 [INFO] PluginManage:310 - Check plugin ipmanager
2024-01-10 22:55:55,670 [INFO] PluginManage:359 - Loaded plugin ipmanager (category:base,tabindex:5)
2024-01-10 22:55:55,670 [INFO] PluginManage:310 - Check plugin lpbam
2024-01-10 22:55:55,699 [INFO] PluginManage:359 - Loaded plugin lpbam (category:base,tabindex:0)
2024-01-10 22:55:55,699 [INFO] PluginManage:310 - Check plugin memorymap
2024-01-10 22:55:55,749 [INFO] PluginManage:359 - Loaded plugin memorymap (category:base,tabindex:4)
2024-01-10 22:55:55,749 [INFO] PluginManage:310 - Check plugin pinoutandconfiguration
2024-01-10 22:55:55,777 [INFO] PluginManage:359 - Loaded plugin pinoutandconfiguration (category:base,tabindex:1)
2024-01-10 22:55:55,778 [INFO] PluginManage:310 - Check plugin pinoutconfig
2024-01-10 22:55:55,945 [WARN] SupportedApi:132 - Cannot load RTOS API schema: s4s-elt-must-match.1: The content of 'definitions' must match (annotation?, (simpleType | complexType)?, (unique | key | keyref)*)). A problem was found starting at: attribute.
2024-01-10 22:55:56,206 [INFO] PluginManage:359 - Loaded plugin pinoutconfig (category:base,tabindex:0)
2024-01-10 22:55:56,206 [INFO] PluginManage:310 - Check plugin power
2024-01-10 22:55:56,256 [INFO] PluginManage:359 - Loaded plugin power (category:power,tabindex:4)
2024-01-10 22:55:56,257 [INFO] PluginManage:310 - Check plugin projectmanager
2024-01-10 22:55:56,310 [INFO] PluginManage:359 - Loaded plugin projectmanager (category:projectmanager,tabindex:3)
2024-01-10 22:55:56,310 [INFO] PluginManage:310 - Check plugin thirdparty
2024-01-10 22:55:56,754 [WARN] IntegrityCheckThread:84 - waiting for thirdparty lock release [integrity check]
2024-01-10 22:55:56,755 [INFO] IntegrityCheckThread:86 - entering critical section [integrity check]
2024-01-10 22:55:56,758 [INFO] ThirdPartyUpdaterWithRetryManager:70 - Updater plugin not ready yet. [1/15]
2024-01-10 22:55:56,758 [INFO] PluginManage:359 - Loaded plugin thirdparty (category:base,tabindex:-1)
2024-01-10 22:55:56,759 [INFO] PluginManage:310 - Check plugin tools
2024-01-10 22:55:56,773 [INFO] PluginManage:359 - Loaded plugin tools (category:base,tabindex:7)
2024-01-10 22:55:56,773 [INFO] PluginManage:310 - Check plugin tutovideos
2024-01-10 22:55:57,145 [INFO] PluginManage:359 - Loaded plugin tutovideos (category:base,tabindex:-1)
2024-01-10 22:55:57,145 [INFO] PluginManage:310 - Check plugin updater
2024-01-10 22:55:57,166 [INFO] PluginManage:359 - Loaded plugin updater (category:base,tabindex:12)
2024-01-10 22:55:57,167 [INFO] PluginManage:310 - Check plugin userauth
2024-01-10 22:55:57,181 [INFO] UserAuth:113 - Init User Auth plugin
2024-01-10 22:55:57,182 [INFO] PluginManage:359 - Loaded plugin userauth (category:base,tabindex:14)
2024-01-10 22:55:57,182 [INFO] PluginManage:283 - PluginManage : Loaded plugins [17]
2024-01-10 22:55:57,690 [INFO] PinOutPanel:1499 - setPackage(No Configuration,No Configuration)
2024-01-10 22:55:58,061 [INFO] CADModel:165 - CPN selected for project level
2024-01-10 22:55:58,061 [INFO] CADModel:114 - Register for checkConnection events
2024-01-10 22:55:58,121 [INFO] IPUIPlugin:80 - create IPUIPlugin
2024-01-10 22:55:58,121 [INFO] PluginManager:220 - loadIPPluginJar : add adc
2024-01-10 22:55:58,183 [INFO] IPUIPlugin:80 - create IPUIPlugin
2024-01-10 22:55:58,184 [INFO] PluginManager:220 - loadIPPluginJar : add aes
2024-01-10 22:55:58,248 [INFO] IPUIPlugin:80 - create IPUIPlugin
2024-01-10 22:55:58,248 [INFO] PluginManager:220 - loadIPPluginJar : add can
2024-01-10 22:55:58,284 [INFO] IPUIPlugin:80 - create IPUIPlugin
2024-01-10 22:55:58,284 [INFO] PluginManager:220 - loadIPPluginJar : add comp
2024-01-10 22:55:58,349 [INFO] IPUIPlugin:80 - create IPUIPlugin
2024-01-10 22:55:58,349 [INFO] PluginManager:220 - loadIPPluginJar : add cryp
2024-01-10 22:55:58,356 [INFO] IPUIPlugin:80 - create IPUIPlugin
2024-01-10 22:55:58,356 [INFO] PluginManager:220 - loadIPPluginJar : add dfsdm
2024-01-10 22:55:58,380 [INFO] IPUIPlugin:80 - create IPUIPlugin
2024-01-10 22:55:58,380 [INFO] PluginManager:220 - loadIPPluginJar : add dma
2024-01-10 22:55:58,461 [INFO] IPUIPlugin:80 - create IPUIPlugin
2024-01-10 22:55:58,461 [INFO] PluginManager:220 - loadIPPluginJar : add dma3
2024-01-10 22:55:58,492 [INFO] IPUIPlugin:80 - create IPUIPlugin
2024-01-10 22:55:58,493 [INFO] PluginManager:220 - loadIPPluginJar : add fatfs
2024-01-10 22:55:58,576 [INFO] IPUIPlugin:80 - create IPUIPlugin
2024-01-10 22:55:58,576 [INFO] PluginManager:220 - loadIPPluginJar : add fmc
2024-01-10 22:55:58,606 [INFO] IPUIPlugin:80 - create IPUIPlugin
2024-01-10 22:55:58,607 [INFO] PluginManager:220 - loadIPPluginJar : add freertos
2024-01-10 22:55:58,611 [INFO] IPUIPlugin:80 - create IPUIPlugin
2024-01-10 22:55:58,611 [INFO] PluginManager:220 - loadIPPluginJar : add genericplugin
2024-01-10 22:55:58,746 [INFO] IPUIPlugin:80 - create IPUIPlugin
2024-01-10 22:55:58,746 [INFO] PluginManager:220 - loadIPPluginJar : add gfxmmu
2024-01-10 22:55:58,988 [INFO] IPUIPlugin:80 - create IPUIPlugin
2024-01-10 22:55:58,988 [INFO] PluginManager:220 - loadIPPluginJar : add gic
2024-01-10 22:55:59,011 [INFO] IPUIPlugin:80 - create IPUIPlugin
2024-01-10 22:55:59,011 [INFO] PluginManager:220 - loadIPPluginJar : add gpio
2024-01-10 22:55:59,258 [INFO] IPUIPlugin:80 - create IPUIPlugin
2024-01-10 22:55:59,259 [INFO] PluginManager:220 - loadIPPluginJar : add gtzc
2024-01-10 22:55:59,341 [INFO] IPUIPlugin:80 - create IPUIPlugin
2024-01-10 22:55:59,341 [INFO] PluginManager:220 - loadIPPluginJar : add hash
2024-01-10 22:55:59,430 [INFO] IPUIPlugin:80 - create IPUIPlugin
2024-01-10 22:55:59,430 [INFO] PluginManager:220 - loadIPPluginJar : add i2c
2024-01-10 22:55:59,488 [INFO] IPUIPlugin:80 - create IPUIPlugin
2024-01-10 22:55:59,488 [INFO] PluginManager:220 - loadIPPluginJar : add i2s
2024-01-10 22:55:59,551 [INFO] IPUIPlugin:80 - create IPUIPlugin
2024-01-10 22:55:59,551 [INFO] PluginManager:220 - loadIPPluginJar : add i3c
2024-01-10 22:55:59,731 [INFO] IPUIPlugin:80 - create IPUIPlugin
2024-01-10 22:55:59,732 [INFO] PluginManager:220 - loadIPPluginJar : add ipddr
2024-01-10 22:55:59,764 [INFO] ThirdPartyUpdaterWithRetryManager:70 - Updater plugin not ready yet. [2/15]
2024-01-10 22:55:59,862 [INFO] IPUIPlugin:80 - create IPUIPlugin
2024-01-10 22:55:59,863 [INFO] PluginManager:220 - loadIPPluginJar : add linkedlist
2024-01-10 22:55:59,871 [INFO] IPUIPlugin:80 - create IPUIPlugin
2024-01-10 22:55:59,871 [INFO] PluginManager:220 - loadIPPluginJar : add lorawan
2024-01-10 22:55:59,944 [INFO] IPUIPlugin:80 - create IPUIPlugin
2024-01-10 22:55:59,944 [INFO] PluginManager:220 - loadIPPluginJar : add ltdc
2024-01-10 22:55:59,982 [INFO] IPUIPlugin:80 - create IPUIPlugin
2024-01-10 22:55:59,983 [INFO] PluginManager:220 - loadIPPluginJar : add mdma
2024-01-10 22:56:00,014 [INFO] IPUIPlugin:80 - create IPUIPlugin
2024-01-10 22:56:00,014 [INFO] PluginManager:220 - loadIPPluginJar : add nvic
2024-01-10 22:56:00,095 [INFO] IPUIPlugin:80 - create IPUIPlugin
2024-01-10 22:56:00,095 [INFO] PluginManager:220 - loadIPPluginJar : add opamp
2024-01-10 22:56:00,191 [INFO] IPUIPlugin:80 - create IPUIPlugin
2024-01-10 22:56:00,191 [INFO] PluginManager:220 - loadIPPluginJar : add openamp
2024-01-10 22:56:00,252 [INFO] IPUIPlugin:80 - create IPUIPlugin
2024-01-10 22:56:00,252 [INFO] PluginManager:220 - loadIPPluginJar : add pdm2pcm
2024-01-10 22:56:00,273 [INFO] IPUIPlugin:80 - create IPUIPlugin
2024-01-10 22:56:00,276 [INFO] PluginManager:220 - loadIPPluginJar : add plateformsettings
2024-01-10 22:56:00,281 [INFO] IPUIPlugin:80 - create IPUIPlugin
2024-01-10 22:56:00,281 [INFO] PluginManager:220 - loadIPPluginJar : add quadspi
2024-01-10 22:56:00,298 [INFO] IPUIPlugin:80 - create IPUIPlugin
2024-01-10 22:56:00,299 [INFO] PluginManager:220 - loadIPPluginJar : add resmgrutility
2024-01-10 22:56:00,366 [INFO] IPUIPlugin:80 - create IPUIPlugin
2024-01-10 22:56:00,366 [INFO] PluginManager:220 - loadIPPluginJar : add sai
2024-01-10 22:56:00,420 [INFO] IPUIPlugin:80 - create IPUIPlugin
2024-01-10 22:56:00,421 [INFO] PluginManager:220 - loadIPPluginJar : add spi
2024-01-10 22:56:00,504 [INFO] IPUIPlugin:80 - create IPUIPlugin
2024-01-10 22:56:00,504 [INFO] PluginManager:220 - loadIPPluginJar : add stm32_wpan
2024-01-10 22:56:00,509 [INFO] IPUIPlugin:80 - create IPUIPlugin
2024-01-10 22:56:00,510 [INFO] PluginManager:220 - loadIPPluginJar : add tim
2024-01-10 22:56:00,589 [INFO] IPUIPlugin:80 - create IPUIPlugin
2024-01-10 22:56:00,589 [INFO] PluginManager:220 - loadIPPluginJar : add touchsensing
2024-01-10 22:56:00,628 [INFO] IPUIPlugin:80 - create IPUIPlugin
2024-01-10 22:56:00,628 [INFO] PluginManager:220 - loadIPPluginJar : add tracer_emb
2024-01-10 22:56:00,674 [INFO] IPUIPlugin:80 - create IPUIPlugin
2024-01-10 22:56:00,675 [INFO] PluginManager:220 - loadIPPluginJar : add ts
2024-01-10 22:56:00,680 [INFO] IPUIPlugin:80 - create IPUIPlugin
2024-01-10 22:56:00,680 [INFO] PluginManager:220 - loadIPPluginJar : add tsc
2024-01-10 22:56:00,688 [INFO] IPUIPlugin:80 - create IPUIPlugin
2024-01-10 22:56:00,688 [INFO] PluginManager:220 - loadIPPluginJar : add ucpd
2024-01-10 22:56:00,792 [INFO] IPUIPlugin:80 - create IPUIPlugin
2024-01-10 22:56:00,792 [INFO] PluginManager:220 - loadIPPluginJar : add usart
2024-01-10 22:56:00,879 [INFO] IPUIPlugin:80 - create IPUIPlugin
2024-01-10 22:56:00,880 [INFO] PluginManager:220 - loadIPPluginJar : add usbx
2024-01-10 22:56:01,163 [INFO] CADModel:165 - CPN selected for project level
2024-01-10 22:56:01,163 [INFO] CADModel:114 - Register for checkConnection events
2024-01-10 22:56:01,164 [FATAL] Updater:308 - Updater called before beeing initialized
2024-01-10 22:56:01,164 [ERROR] CADModel:125 - Updater not yet initialized, retry later 
2024-01-10 22:56:01,391 [INFO] CADModel:165 - CPN selected for project level
2024-01-10 22:56:01,391 [INFO] CADModel:114 - Register for checkConnection events
2024-01-10 22:56:01,391 [FATAL] Updater:308 - Updater called before beeing initialized
2024-01-10 22:56:01,391 [ERROR] CADModel:125 - Updater not yet initialized, retry later 
2024-01-10 22:56:01,396 [FATAL] Updater:308 - Updater called before beeing initialized
2024-01-10 22:56:01,653 [FATAL] Updater:308 - Updater called before beeing initialized
2024-01-10 22:56:01,669 [INFO] DbMcusAds:53 - JSON generation date=Wed Nov 29 17:52:27 ICT 2023 (1701255147349)
2024-01-10 22:56:01,669 [FATAL] Updater:308 - Updater called before beeing initialized
2024-01-10 22:56:01,803 [WARN] DetailPanel:346 - Failed to get advertising image, set to default
2024-01-10 22:56:01,945 [FATAL] Updater:308 - Updater called before beeing initialized
2024-01-10 22:56:01,948 [FATAL] Updater:308 - Updater called before beeing initialized
2024-01-10 22:56:01,948 [FATAL] Updater:308 - Updater called before beeing initialized
2024-01-10 22:56:01,948 [WARN] DetailPanel:346 - Failed to get advertising image, set to default
2024-01-10 22:56:01,949 [FATAL] Updater:308 - Updater called before beeing initialized
2024-01-10 22:56:02,054 [ERROR] Updater:1120 - MainUpdater not yet initialized. External WinMGr cannot be set.
2024-01-10 22:56:02,073 [INFO] Updater:1056 - Updater Version found : 6.9.2
2024-01-10 22:56:02,124 [INFO] ApplicationProperties:184 - Using Application install path: D:\IEEE\STM32CubeIDE_1.13.2\STM32CubeIDE\plugins\com.st.stm32cube.common.mx_6.9.2.202309101412
2024-01-10 22:56:02,518 [INFO] MainUpdater:2868 - connection check result : 10
2024-01-10 22:56:02,520 [INFO] MainUpdater:285 - Updater Check For Update Now.
2024-01-10 22:56:02,520 [INFO] MicroXplorer:498 - Change Database Version : DB.6.0.92
2024-01-10 22:56:02,559 [INFO] McuFinderGlobals:63 - Set McuFinder mode to 2 (CubeIDE integrated)
2024-01-10 22:56:02,559 [INFO] UserAuth:179 - activating auth plugin
2024-01-10 22:56:02,565 [INFO] UserAuth:393 - Internet connection configuration mode: 1
2024-01-10 22:56:02,650 [INFO] JxBrowserEngine:151 - Initiate JxBrowser Engine with user profile folder
2024-01-10 22:56:02,765 [WARN] MainUpdater:1189 - Updater busy. Cannot search thirdparties
2024-01-10 22:56:02,766 [INFO] ThirdPartyUpdaterWithRetryManager:96 - Updater plugin is busy. [1/15]
2024-01-10 22:56:02,837 [INFO] CheckServerUpdateThread:120 - End of CheckServer Thread
2024-01-10 22:56:06,407 [WARN] PackLoader:240 - Cannot read IP mode file for STMicroelectronics.X-CUBE-SMBUS.2.1.0
2024-01-10 22:56:06,581 [WARN] PackLoader:240 - Cannot read IP mode file for STMicroelectronics.X-CUBE-TOUCHGFX.4.23.0
2024-01-10 22:56:06,917 [WARN] PackLoader:240 - Cannot read IP mode file for STMicroelectronics.X-CUBE-AZRTOS-F7.1.1.0
2024-01-10 22:56:07,000 [WARN] PackLoader:240 - Cannot read IP mode file for STMicroelectronics.FP-SNS-MOTENV1.4.3.2
2024-01-10 22:56:07,036 [WARN] PackLoader:240 - Cannot read IP mode file for STMicroelectronics.FP-SNS-FLIGHT1.5.0.2
2024-01-10 22:56:07,094 [WARN] PackLoader:240 - Cannot read IP mode file for STMicroelectronics.X-CUBE-DISPLAY.3.0.0
2024-01-10 22:56:07,163 [WARN] PackLoader:240 - Cannot read IP mode file for STMicroelectronics.X-CUBE-BLE1.7.0.0
2024-01-10 22:56:07,182 [WARN] PackLoader:240 - Cannot read IP mode file for emotas.I-CUBE-CANOPEN.1.3.0
2024-01-10 22:56:07,198 [WARN] PackLoader:240 - Cannot read IP mode file for STMicroelectronics.X-CUBE-TOUCHGFX.4.22.0
2024-01-10 22:56:07,213 [WARN] PackLoader:240 - Cannot read IP mode file for STMicroelectronics.X-CUBE-TOUCHGFX.4.22.1
2024-01-10 22:56:07,229 [WARN] PackLoader:240 - Cannot read IP mode file for STMicroelectronics.FP-SNS-SMARTAG2.1.2.0
2024-01-10 22:56:07,281 [INFO] LogOutputStream:77 - [STDOUT_REDIRECT] 1 : Invalid condition id : UX_CORESTACK_Condition cause : null
2024-01-10 22:56:07,281 [INFO] LogOutputStream:77 - [STDOUT_REDIRECT] 1 : Invalid condition id : UX_CORESTACK_Condition cause : null
2024-01-10 22:56:07,294 [INFO] LogOutputStream:77 - [STDOUT_REDIRECT] 1 : Invalid condition id : UX_CORESTACK_Condition cause : null
2024-01-10 22:56:07,303 [INFO] LogOutputStream:77 - [STDOUT_REDIRECT] 1 : Invalid condition id : UX_CORESTACK_Condition cause : null
2024-01-10 22:56:07,309 [INFO] LogOutputStream:77 - [STDOUT_REDIRECT] 1 : Invalid condition id : UX_CORESTACK_Condition cause : null
2024-01-10 22:56:07,324 [WARN] PackLoader:240 - Cannot read IP mode file for STMicroelectronics.X-CUBE-AZRTOS-WL.2.0.0
2024-01-10 22:56:07,364 [WARN] PackLoader:240 - Cannot read IP mode file for WES.I-CUBE-Cesium.1.3.0
2024-01-10 22:56:07,395 [WARN] PackLoader:240 - Cannot read IP mode file for STMicroelectronics.X-CUBE-BLE2.3.3.0
2024-01-10 22:56:07,427 [WARN] PackLoader:240 - Cannot read IP mode file for STMicroelectronics.X-CUBE-ALGOBUILD.1.3.0
2024-01-10 22:56:07,505 [WARN] PackLoader:240 - Cannot read IP mode file for STMicroelectronics.X-CUBE-AZRTOS-G0.1.1.0
2024-01-10 22:56:07,537 [WARN] PackLoader:240 - Cannot read IP mode file for STMicroelectronics.X-CUBE-NFC4.3.0.0
2024-01-10 22:56:07,573 [WARN] PackLoader:240 - Cannot read IP mode file for STMicroelectronics.X-CUBE-BLEMGR.3.0.0
2024-01-10 22:56:07,599 [WARN] PackLoader:240 - Cannot read IP mode file for STMicroelectronics.FP-ATR-SIGFOX1.3.2.0
2024-01-10 22:56:07,803 [WARN] PackLoader:240 - Cannot read IP mode file for SEGGER.I-CUBE-embOS.1.3.1
2024-01-10 22:56:07,842 [INFO] WebApp:157 - Instantiating new browser for Auth
2024-01-10 22:56:08,092 [WARN] PackLoader:240 - Cannot read IP mode file for STMicroelectronics.X-CUBE-GNSS1.6.0.0
2024-01-10 22:56:08,319 [WARN] PackLoader:240 - Cannot read IP mode file for STMicroelectronics.X-CUBE-AZRTOS-F4.1.1.0
2024-01-10 22:56:08,584 [WARN] PackLoader:240 - Cannot read IP mode file for STMicroelectronics.X-CUBE-AZRTOS-L5.2.0.0
2024-01-10 22:56:08,779 [WARN] PackLoader:240 - Cannot read IP mode file for STMicroelectronics.X-CUBE-MEMS1.9.6.0
2024-01-10 22:56:10,066 [WARN] PackLoader:240 - Cannot read IP mode file for STMicroelectronics.X-CUBE-EEPRMA1.4.2.0
2024-01-10 22:56:10,113 [WARN] PackLoader:240 - Cannot read IP mode file for ITTIA_DB.I-CUBE-ITTIADB.8.8.0
2024-01-10 22:56:10,146 [WARN] PackLoader:240 - Cannot read IP mode file for STMicroelectronics.X-CUBE-BLEMGR.2.0.0
2024-01-10 22:56:10,387 [WARN] ConditionMgr:438 - getConditionDescription Invalid condition id : UX DEVICE CLASS RTOS Condition cause : null
2024-01-10 22:56:10,388 [WARN] ConditionMgr:438 - getConditionDescription Invalid condition id : UX DEVICE CLASS RTOS Condition cause : null
2024-01-10 22:56:10,443 [WARN] PackLoader:240 - Cannot read IP mode file for STMicroelectronics.X-CUBE-AZRTOS-H7.3.1.0
2024-01-10 22:56:10,464 [WARN] ConditionMgr:1039 - genDependencies : Invalid condition id : UX DEVICE CLASS RTOS Condition cause : null
2024-01-10 22:56:10,465 [WARN] ConditionMgr:1039 - genDependencies : Invalid condition id : UX DEVICE CLASS RTOS Condition cause : null
2024-01-10 22:56:10,467 [WARN] ConditionMgr:1039 - genDependencies : Invalid condition id : UX DEVICE CLASS RTOS Condition cause : null
2024-01-10 22:56:10,470 [WARN] ConditionMgr:1039 - genDependencies : Invalid condition id : UX DEVICE CLASS RTOS Condition cause : null
2024-01-10 22:56:10,471 [WARN] ConditionMgr:1039 - genDependencies : Invalid condition id : UX DEVICE CLASS RTOS Condition cause : null
2024-01-10 22:56:10,521 [WARN] PackLoader:240 - Cannot read IP mode file for wolfSSL.I-CUBE-wolfSSL.5.5.4
2024-01-10 22:56:10,684 [WARN] PackLoader:240 - Cannot read IP mode file for STMicroelectronics.X-CUBE-NFC7.1.0.1
2024-01-10 22:56:10,795 [WARN] PackLoader:240 - Cannot read IP mode file for STMicroelectronics.X-CUBE-NFC6.3.0.0
2024-01-10 22:56:10,940 [WARN] PackLoader:240 - Cannot read IP mode file for STMicroelectronics.X-CUBE-EEPRMA1.4.1.0
2024-01-10 22:56:10,975 [WARN] PackLoader:240 - Cannot read IP mode file for STMicroelectronics.X-CUBE-AI.8.1.0
2024-01-10 22:56:11,060 [WARN] ConditionMgr:438 - getConditionDescription Invalid condition id : LAN8742 Phy interface Condition cause : null
2024-01-10 22:56:11,062 [WARN] PackLoader:240 - Cannot read IP mode file for STMicroelectronics.X-CUBE-AZRTOS-L4.2.0.0
2024-01-10 22:56:11,066 [WARN] ConditionMgr:1039 - genDependencies : Invalid condition id : LAN8742 Phy interface Condition cause : null
2024-01-10 22:56:11,067 [WARN] ConditionMgr:1039 - genDependencies : Invalid condition id : LAN8742 Phy interface Condition cause : null
2024-01-10 22:56:11,069 [WARN] ConditionMgr:1039 - genDependencies : Invalid condition id : LAN8742 Phy interface Condition cause : null
2024-01-10 22:56:11,200 [WARN] PackLoader:240 - Cannot read IP mode file for STMicroelectronics.X-CUBE-SFXS2LP1.4.0.0
2024-01-10 22:56:11,230 [WARN] PackLoader:240 - Cannot read IP mode file for STMicroelectronics.X-CUBE-ISPU.1.1.0
2024-01-10 22:56:11,402 [WARN] ConditionMgr:438 - getConditionDescription Invalid condition id : UX DEVICE CLASS RTOS Condition cause : null
2024-01-10 22:56:11,402 [WARN] ConditionMgr:438 - getConditionDescription Invalid condition id : UX DEVICE CLASS RTOS Condition cause : null
2024-01-10 22:56:11,425 [WARN] PackLoader:240 - Cannot read IP mode file for STMicroelectronics.X-CUBE-AZRTOS-WB.2.0.0
2024-01-10 22:56:11,428 [WARN] ConditionMgr:1039 - genDependencies : Invalid condition id : UX DEVICE CLASS RTOS Condition cause : null
2024-01-10 22:56:11,429 [WARN] ConditionMgr:1039 - genDependencies : Invalid condition id : UX DEVICE CLASS RTOS Condition cause : null
2024-01-10 22:56:11,430 [WARN] ConditionMgr:1039 - genDependencies : Invalid condition id : UX DEVICE CLASS RTOS Condition cause : null
2024-01-10 22:56:11,432 [WARN] ConditionMgr:1039 - genDependencies : Invalid condition id : UX DEVICE CLASS RTOS Condition cause : null
2024-01-10 22:56:11,432 [WARN] ConditionMgr:1039 - genDependencies : Invalid condition id : UX DEVICE CLASS RTOS Condition cause : null
2024-01-10 22:56:11,502 [WARN] PackLoader:240 - Cannot read IP mode file for STMicroelectronics.X-CUBE-SUBG2.5.0.0
2024-01-10 22:56:11,567 [WARN] PackLoader:240 - Cannot read IP mode file for STMicroelectronics.X-CUBE-TOF1.3.3.1
2024-01-10 22:56:11,850 [WARN] PackLoader:240 - Cannot read IP mode file for STMicroelectronics.X-CUBE-AZRTOS-G4.2.0.0
2024-01-10 22:56:11,917 [WARN] PackLoader:240 - Cannot read IP mode file for Infineon.AIROC-Wi-Fi-Bluetooth-STM32.1.5.1
2024-01-10 22:56:11,999 [WARN] PackLoader:240 - Cannot read IP mode file for STMicroelectronics.FP-SNS-MOTENVWB1.1.3.0
2024-01-10 22:56:12,019 [WARN] PackLoader:240 - Cannot read IP mode file for STMicroelectronics.FP-SNS-MOTENVWB1.1.3.1
2024-01-10 22:56:12,034 [WARN] PackLoader:240 - Cannot read IP mode file for STMicroelectronics.X-CUBE-ISPU.2.0.0
2024-01-10 22:56:12,471 [WARN] PackLoader:240 - Cannot read IP mode file for STMicroelectronics.X-CUBE-MEMS1.10.0.0
2024-01-10 22:56:13,430 [WARN] PackLoader:240 - Cannot read IP mode file for STMicroelectronics.X-CUBE-FREERTOS.1.1.0
2024-01-10 22:56:13,572 [WARN] PackLoader:240 - Cannot read IP mode file for portGmbH.I-Cube-SoM-uGOAL.1.1.0
2024-01-10 22:56:13,647 [WARN] PackLoader:240 - Cannot read IP mode file for STMicroelectronics.X-CUBE-ALS.1.0.1
2024-01-10 22:56:13,671 [WARN] PackLoader:240 - Cannot read IP mode file for STMicroelectronics.FP-ATR-ASTRA1.2.0.0
2024-01-10 22:56:13,786 [WARN] PackLoader:240 - Cannot read IP mode file for STMicroelectronics.X-CUBE-TOF1.3.4.0
2024-01-10 22:56:14,232 [WARN] PackLoader:240 - Cannot read IP mode file for STMicroelectronics.X-CUBE-AZRTOS-H7.3.2.0
2024-01-10 22:56:14,245 [INFO] ThirdParty:978 - Integrity check success = true
2024-01-10 22:56:14,245 [INFO] IntegrityCheckThread:100 - exiting critical section [integrity check]
2024-01-10 22:56:14,245 [INFO] IntegrityCheckThread:103 - End integrity checks thread
2024-01-10 22:56:15,120 [INFO] WebApp:753 - Register for checkConnection events
2024-01-10 22:56:15,120 [INFO] WebApp:390 - Apply proxy settings
2024-01-10 22:56:15,121 [INFO] WebApp:475 - Chromium requires no authentication
2024-01-10 22:56:15,220 [INFO] WebApp:418 - Direct internet connection detected
2024-01-10 22:56:16,813 [INFO] WebApp:188 - Starting web application
2024-01-10 22:56:16,814 [INFO] WebApp:520 - Web application path used D:\IEEE\STM32CubeIDE_1.13.2\STM32CubeIDE\plugins\com.st.stm32cube.common.mx_6.9.2.202309101412\db\plugins\mcufinder\reactClient1\index.html
2024-01-10 22:56:39,529 [ERROR] LogOutputStream:75 - [STDERR_REDIRECT] SLF4J: Failed to load class "org.slf4j.impl.StaticLoggerBinder".
2024-01-10 22:56:39,529 [ERROR] LogOutputStream:75 - [STDERR_REDIRECT] SLF4J: Defaulting to no-operation (NOP) logger implementation
2024-01-10 22:56:39,531 [ERROR] LogOutputStream:75 - [STDERR_REDIRECT] SLF4J: See http://www.slf4j.org/codes.html#StaticLoggerBinder for further details.
